<?xml version="1.0" encoding="UTF-8"?>
<testsuites name="TC - New Sub - Multiple" time="552.931" tests="95" failures="0" errors="0">
   <testsuite name="TC - New Sub - Multiple" tests="95" failures="0" errors="0" time="552.931" timestamp="2020-03-18 16:19:39" hostname="arie.kurniawan - DESKTOP-30DFA4O.developement.praisindo.com" id="Test Suites/TC - New Sub - Multiple">
      <properties>
         <property name="deviceName" value=""/>
         <property name="devicePlatform" value=""/>
         <property name="logFolder" value="C:\\Users\\arie.kurniawan\\Katalon Studio\\Testing Checklist\\Reports\\20200318_161924\\TC - New Sub - Multiple\\20200318_161924"/>
         <property name="logFiles" value="C:\\Users\\arie.kurniawan\\Katalon Studio\\Testing Checklist\\Reports\\20200318_161924\\TC - New Sub - Multiple\\20200318_161924\\execution0.log"/>
         <property name="attachments" value=""/>
         <property name="hostName" value="arie.kurniawan - DESKTOP-30DFA4O.developement.praisindo.com"/>
         <property name="os" value="Windows 10 64bit"/>
         <property name="katalonVersion" value="7.2.6.1"/>
         <property name="browser" value="Chrome 80.0.3987.132"/>
         <property name="hostAddress" value="192.168.178.1"/>
         <property name="sessionId" value="af5b738092542ab3e25b3b51950104c9"/>
         <property name="seleniumVersion" value="3.141.59"/>
         <property name="proxyInformation" value="ProxyInformation{proxyOption=NO_PROXY, proxyServerType=HTTP, password=, proxyServerAddress=, proxyServerPort=0, executionList=}"/>
         <property name="platform" value="Windows 10"/>
      </properties>
      <testcase name="Test Cases/NF Testing Checklist - Select Investor - Sub" time="39.559" classname="Test Cases/NF Testing Checklist - Select Investor - Sub" status="PASSED">
         <system-out><![CDATA[2020-03-18 16:19:41 - [TEST_CASE][PASSED] - Test Cases/NF Testing Checklist - Select Investor - Sub: Test Cases/NF Testing Checklist - Select Investor - Sub

2020-03-18 16:19:43 - [TEST_STEP][PASSED] - openBrowser(""): Browser is opened with url: ''

2020-03-18 16:19:44 - [MESSAGE][INFO] - Starting 'Chrome' driver

2020-03-18 16:19:44 - [MESSAGE][INFO] - Action delay is set to 1 seconds

2020-03-18 16:20:01 - [MESSAGE][PASSED] - Browser is opened with url: ''

2020-03-18 16:20:01 - [TEST_STEP][PASSED] - navigateToUrl("http://192.168.26.36/dev_cloud/ui/OrderManagement/AddNewTransaction"): Navigate to 'http://192.168.26.36/dev_cloud/ui/OrderManagement/AddNewTransaction' successfully

2020-03-18 16:20:10 - [MESSAGE][PASSED] - Navigate to 'http://192.168.26.36/dev_cloud/ui/OrderManagement/AddNewTransaction' successfully

2020-03-18 16:20:10 - [TEST_STEP][PASSED] - click(findTestObject("Object Repository/New Subscription/Page_Add New Transaction - PraisindoSIARUI/div_Add New Transaction                    _2d84bc")): Object: 'Object Repository/New Subscription/Page_Add New Transaction - PraisindoSIARUI/div_Add New Transaction                    _2d84bc' is clicked on

2020-03-18 16:20:12 - [MESSAGE][PASSED] - Object: 'Object Repository/New Subscription/Page_Add New Transaction - PraisindoSIARUI/div_Add New Transaction                    _2d84bc' is clicked on

2020-03-18 16:20:12 - [TEST_STEP][PASSED] - setText(findTestObject("New Subscription/Page_Add New Transaction - PraisindoSIARUI/input_Customer_cusCustomer"), "Fransiskus"): Text 'Fransiskus' is set on object 'Object Repository/New Subscription/Page_Add New Transaction - PraisindoSIARUI/input_Customer_cusCustomer'

2020-03-18 16:20:15 - [MESSAGE][PASSED] - Text 'Fransiskus' is set on object 'Object Repository/New Subscription/Page_Add New Transaction - PraisindoSIARUI/input_Customer_cusCustomer'

2020-03-18 16:20:15 - [TEST_STEP][PASSED] - sendKeys(findTestObject("Object Repository/New Subscription/Page_Add New Transaction - PraisindoSIARUI/input_Customer_cusCustomer"), Keys.chord(ENTER)): Keys 'ENTER + ' sent to object: 'Object Repository/New Subscription/Page_Add New Transaction - PraisindoSIARUI/input_Customer_cusCustomer'

2020-03-18 16:20:17 - [MESSAGE][PASSED] - Keys 'ENTER + ' sent to object: 'Object Repository/New Subscription/Page_Add New Transaction - PraisindoSIARUI/input_Customer_cusCustomer'

2020-03-18 16:20:17 - [TEST_STEP][PASSED] - click(findTestObject("Object Repository/New Subscription/Page_Add New Transaction - PraisindoSIARUI/button_Subscription")): Object: 'Object Repository/New Subscription/Page_Add New Transaction - PraisindoSIARUI/button_Subscription' is clicked on

2020-03-18 16:20:20 - [MESSAGE][PASSED] - Object: 'Object Repository/New Subscription/Page_Add New Transaction - PraisindoSIARUI/button_Subscription' is clicked on]]></system-out>
         <system-err><![CDATA[]]></system-err>
      </testcase>
      <testcase name="Test Cases/NF Testing Checklist - Ref No" time="18.982" classname="Test Cases/NF Testing Checklist - Ref No" status="PASSED">
         <system-out><![CDATA[2020-03-18 16:20:20 - [TEST_CASE][PASSED] - Test Cases/NF Testing Checklist - Ref No: Test Cases/NF Testing Checklist - Ref No

2020-03-18 16:20:22 - [TEST_STEP][PASSED] - setText(findTestObject("Object Repository/New Subscription/Page_Add New Subscription - PraisindoSIARUI/input_Reference No_RefNo"), ParamRefNo): Text 'ASDFASDFASDFASDFASDFAASASFFDDFDSFDSFDASDFASDFASDFASDFASDFAASASFFDDFDSFDSFDSFFSDFDASDFASDFASDFASDFASDFAASASFFDDFDSFDSFDSFFSDFDASDFASDFASDFASDFASDFAASASFFDDFDSFDSFDSFFSDFDASDFASDFASDFASDFASDFAASASFFDDFDSFDSFDSFFSDFDASDFASDFASDFASDFASDFAASASFFDDFDSFDSFDSFFSDFDASDFASDFASDFASDFASDFAASASFFDDFDSFDSSFFSDFD' is set on object 'Object Repository/New Subscription/Page_Add New Subscription - PraisindoSIARUI/input_Reference No_RefNo'

2020-03-18 16:20:39 - [MESSAGE][PASSED] - Text 'ASDFASDFASDFASDFASDFAASASFFDDFDSFDSFDASDFASDFASDFASDFASDFAASASFFDDFDSFDSFDSFFSDFDASDFASDFASDFASDFASDFAASASFFDDFDSFDSFDSFFSDFDASDFASDFASDFASDFASDFAASASFFDDFDSFDSFDSFFSDFDASDFASDFASDFASDFASDFAASASFFDDFDSFDSFDSFFSDFDASDFASDFASDFASDFASDFAASASFFDDFDSFDSFDSFFSDFDASDFASDFASDFASDFASDFAASASFFDDFDSFDSSFFSDFD' is set on object 'Object Repository/New Subscription/Page_Add New Subscription - PraisindoSIARUI/input_Reference No_RefNo']]></system-out>
         <system-err><![CDATA[]]></system-err>
      </testcase>
      <testcase name="Test Cases/NF Testing Checklist - Ref No" time="7.4" classname="Test Cases/NF Testing Checklist - Ref No" status="PASSED">
         <system-out><![CDATA[2020-03-18 16:20:39 - [TEST_CASE][PASSED] - Test Cases/NF Testing Checklist - Ref No: Test Cases/NF Testing Checklist - Ref No

2020-03-18 16:20:39 - [TEST_STEP][PASSED] - setText(findTestObject("Object Repository/New Subscription/Page_Add New Subscription - PraisindoSIARUI/input_Reference No_RefNo"), ParamRefNo): Text '~!@#$%^&*_ -+=’|\(){}[]:;”’<>,.?/; ?' is set on object 'Object Repository/New Subscription/Page_Add New Subscription - PraisindoSIARUI/input_Reference No_RefNo'

2020-03-18 16:20:47 - [MESSAGE][PASSED] - Text '~!@#$%^&*_ -+=’|\(){}[]:;”’<>,.?/; ?' is set on object 'Object Repository/New Subscription/Page_Add New Subscription - PraisindoSIARUI/input_Reference No_RefNo']]></system-out>
         <system-err><![CDATA[]]></system-err>
      </testcase>
      <testcase name="Test Cases/NF Testing Checklist - Ref No" time="4.16" classname="Test Cases/NF Testing Checklist - Ref No" status="PASSED">
         <system-out><![CDATA[2020-03-18 16:20:47 - [TEST_CASE][PASSED] - Test Cases/NF Testing Checklist - Ref No: Test Cases/NF Testing Checklist - Ref No

2020-03-18 16:20:47 - [TEST_STEP][PASSED] - setText(findTestObject("Object Repository/New Subscription/Page_Add New Subscription - PraisindoSIARUI/input_Reference No_RefNo"), ParamRefNo): Text 'ABCDEFGHIJKLMNOPQRSTUVWXYZ' is set on object 'Object Repository/New Subscription/Page_Add New Subscription - PraisindoSIARUI/input_Reference No_RefNo'

2020-03-18 16:20:51 - [MESSAGE][PASSED] - Text 'ABCDEFGHIJKLMNOPQRSTUVWXYZ' is set on object 'Object Repository/New Subscription/Page_Add New Subscription - PraisindoSIARUI/input_Reference No_RefNo']]></system-out>
         <system-err><![CDATA[]]></system-err>
      </testcase>
      <testcase name="Test Cases/NF Testing Checklist - Ref No" time="3.563" classname="Test Cases/NF Testing Checklist - Ref No" status="PASSED">
         <system-out><![CDATA[2020-03-18 16:20:51 - [TEST_CASE][PASSED] - Test Cases/NF Testing Checklist - Ref No: Test Cases/NF Testing Checklist - Ref No

2020-03-18 16:20:51 - [TEST_STEP][PASSED] - setText(findTestObject("Object Repository/New Subscription/Page_Add New Subscription - PraisindoSIARUI/input_Reference No_RefNo"), ParamRefNo): Text 'abcdefhijklmnopqrstuvwxyz' is set on object 'Object Repository/New Subscription/Page_Add New Subscription - PraisindoSIARUI/input_Reference No_RefNo'

2020-03-18 16:20:55 - [MESSAGE][PASSED] - Text 'abcdefhijklmnopqrstuvwxyz' is set on object 'Object Repository/New Subscription/Page_Add New Subscription - PraisindoSIARUI/input_Reference No_RefNo']]></system-out>
         <system-err><![CDATA[]]></system-err>
      </testcase>
      <testcase name="Test Cases/NF Testing Checklist - Ref No" time="3.003" classname="Test Cases/NF Testing Checklist - Ref No" status="PASSED">
         <system-out><![CDATA[2020-03-18 16:20:55 - [TEST_CASE][PASSED] - Test Cases/NF Testing Checklist - Ref No: Test Cases/NF Testing Checklist - Ref No

2020-03-18 16:20:55 - [TEST_STEP][PASSED] - setText(findTestObject("Object Repository/New Subscription/Page_Add New Subscription - PraisindoSIARUI/input_Reference No_RefNo"), ParamRefNo): Text '1234567890' is set on object 'Object Repository/New Subscription/Page_Add New Subscription - PraisindoSIARUI/input_Reference No_RefNo'

2020-03-18 16:20:58 - [MESSAGE][PASSED] - Text '1234567890' is set on object 'Object Repository/New Subscription/Page_Add New Subscription - PraisindoSIARUI/input_Reference No_RefNo']]></system-out>
         <system-err><![CDATA[]]></system-err>
      </testcase>
      <testcase name="Test Cases/NF Testing Checklist - Ref No" time="3.366" classname="Test Cases/NF Testing Checklist - Ref No" status="PASSED">
         <system-out><![CDATA[2020-03-18 16:20:58 - [TEST_CASE][PASSED] - Test Cases/NF Testing Checklist - Ref No: Test Cases/NF Testing Checklist - Ref No

2020-03-18 16:20:58 - [TEST_STEP][PASSED] - setText(findTestObject("Object Repository/New Subscription/Page_Add New Subscription - PraisindoSIARUI/input_Reference No_RefNo"), ParamRefNo): Text '' is set on object 'Object Repository/New Subscription/Page_Add New Subscription - PraisindoSIARUI/input_Reference No_RefNo'

2020-03-18 16:21:01 - [MESSAGE][PASSED] - Text '' is set on object 'Object Repository/New Subscription/Page_Add New Subscription - PraisindoSIARUI/input_Reference No_RefNo']]></system-out>
         <system-err><![CDATA[]]></system-err>
      </testcase>
      <testcase name="Test Cases/NF Testing Checklist - Ref No" time="2.78" classname="Test Cases/NF Testing Checklist - Ref No" status="PASSED">
         <system-out><![CDATA[2020-03-18 16:21:01 - [TEST_CASE][PASSED] - Test Cases/NF Testing Checklist - Ref No: Test Cases/NF Testing Checklist - Ref No

2020-03-18 16:21:01 - [TEST_STEP][PASSED] - setText(findTestObject("Object Repository/New Subscription/Page_Add New Subscription - PraisindoSIARUI/input_Reference No_RefNo"), ParamRefNo): Text '' is set on object 'Object Repository/New Subscription/Page_Add New Subscription - PraisindoSIARUI/input_Reference No_RefNo'

2020-03-18 16:21:04 - [MESSAGE][PASSED] - Text '' is set on object 'Object Repository/New Subscription/Page_Add New Subscription - PraisindoSIARUI/input_Reference No_RefNo']]></system-out>
         <system-err><![CDATA[]]></system-err>
      </testcase>
      <testcase name="Test Cases/NF Testing Checklist - Ref No" time="3.212" classname="Test Cases/NF Testing Checklist - Ref No" status="PASSED">
         <system-out><![CDATA[2020-03-18 16:21:04 - [TEST_CASE][PASSED] - Test Cases/NF Testing Checklist - Ref No: Test Cases/NF Testing Checklist - Ref No

2020-03-18 16:21:04 - [TEST_STEP][PASSED] - setText(findTestObject("Object Repository/New Subscription/Page_Add New Subscription - PraisindoSIARUI/input_Reference No_RefNo"), ParamRefNo): Text '           ' is set on object 'Object Repository/New Subscription/Page_Add New Subscription - PraisindoSIARUI/input_Reference No_RefNo'

2020-03-18 16:21:07 - [MESSAGE][PASSED] - Text '           ' is set on object 'Object Repository/New Subscription/Page_Add New Subscription - PraisindoSIARUI/input_Reference No_RefNo']]></system-out>
         <system-err><![CDATA[]]></system-err>
      </testcase>
      <testcase name="Test Cases/NF Testing Checklist - Ref No" time="6.083" classname="Test Cases/NF Testing Checklist - Ref No" status="PASSED">
         <system-out><![CDATA[2020-03-18 16:21:07 - [TEST_CASE][PASSED] - Test Cases/NF Testing Checklist - Ref No: Test Cases/NF Testing Checklist - Ref No

2020-03-18 16:21:07 - [TEST_STEP][PASSED] - setText(findTestObject("Object Repository/New Subscription/Page_Add New Subscription - PraisindoSIARUI/input_Reference No_RefNo"), ParamRefNo): Text 'ABC<div style=\"x\\x3Aexpression(javascript:alert(1)\">DEF' is set on object 'Object Repository/New Subscription/Page_Add New Subscription - PraisindoSIARUI/input_Reference No_RefNo'

2020-03-18 16:21:13 - [MESSAGE][PASSED] - Text 'ABC<div style=\"x\\x3Aexpression(javascript:alert(1)\">DEF' is set on object 'Object Repository/New Subscription/Page_Add New Subscription - PraisindoSIARUI/input_Reference No_RefNo']]></system-out>
         <system-err><![CDATA[]]></system-err>
      </testcase>
      <testcase name="Test Cases/NF Testing Checklist - Ref No" time="9.798" classname="Test Cases/NF Testing Checklist - Ref No" status="PASSED">
         <system-out><![CDATA[2020-03-18 16:21:13 - [TEST_CASE][PASSED] - Test Cases/NF Testing Checklist - Ref No: Test Cases/NF Testing Checklist - Ref No

2020-03-18 16:21:13 - [TEST_STEP][PASSED] - setText(findTestObject("Object Repository/New Subscription/Page_Add New Subscription - PraisindoSIARUI/input_Reference No_RefNo"), ParamRefNo): Text '<script\\x20type=\"text/javascript\">javascript:alert(1);</script>' is set on object 'Object Repository/New Subscription/Page_Add New Subscription - PraisindoSIARUI/input_Reference No_RefNo'

2020-03-18 16:21:23 - [MESSAGE][PASSED] - Text '<script\\x20type=\"text/javascript\">javascript:alert(1);</script>' is set on object 'Object Repository/New Subscription/Page_Add New Subscription - PraisindoSIARUI/input_Reference No_RefNo']]></system-out>
         <system-err><![CDATA[]]></system-err>
      </testcase>
      <testcase name="Test Cases/NF Testing Checklist - Ref No" time="8.785" classname="Test Cases/NF Testing Checklist - Ref No" status="PASSED">
         <system-out><![CDATA[2020-03-18 16:21:23 - [TEST_CASE][PASSED] - Test Cases/NF Testing Checklist - Ref No: Test Cases/NF Testing Checklist - Ref No

2020-03-18 16:21:23 - [TEST_STEP][PASSED] - setText(findTestObject("Object Repository/New Subscription/Page_Add New Subscription - PraisindoSIARUI/input_Reference No_RefNo"), ParamRefNo): Text '<a href=\"\\x1Ejavascript:javascript:alert(1)\" id=\"fuzzelement1\">test</a>' is set on object 'Object Repository/New Subscription/Page_Add New Subscription - PraisindoSIARUI/input_Reference No_RefNo'

2020-03-18 16:21:32 - [MESSAGE][PASSED] - Text '<a href=\"\\x1Ejavascript:javascript:alert(1)\" id=\"fuzzelement1\">test</a>' is set on object 'Object Repository/New Subscription/Page_Add New Subscription - PraisindoSIARUI/input_Reference No_RefNo']]></system-out>
         <system-err><![CDATA[]]></system-err>
      </testcase>
      <testcase name="Test Cases/NF Testing Checklist - Ref No" time="3.991" classname="Test Cases/NF Testing Checklist - Ref No" status="PASSED">
         <system-out><![CDATA[2020-03-18 16:21:32 - [TEST_CASE][PASSED] - Test Cases/NF Testing Checklist - Ref No: Test Cases/NF Testing Checklist - Ref No

2020-03-18 16:21:32 - [TEST_STEP][PASSED] - setText(findTestObject("Object Repository/New Subscription/Page_Add New Subscription - PraisindoSIARUI/input_Reference No_RefNo"), ParamRefNo): Text '<img src=x\\x13onerror=\"javascript:alert(1)\">' is set on object 'Object Repository/New Subscription/Page_Add New Subscription - PraisindoSIARUI/input_Reference No_RefNo'

2020-03-18 16:21:36 - [MESSAGE][PASSED] - Text '<img src=x\\x13onerror=\"javascript:alert(1)\">' is set on object 'Object Repository/New Subscription/Page_Add New Subscription - PraisindoSIARUI/input_Reference No_RefNo']]></system-out>
         <system-err><![CDATA[]]></system-err>
      </testcase>
      <testcase name="Test Cases/NF Testing Checklist - Ref No" time="7.059" classname="Test Cases/NF Testing Checklist - Ref No" status="PASSED">
         <system-out><![CDATA[2020-03-18 16:21:36 - [TEST_CASE][PASSED] - Test Cases/NF Testing Checklist - Ref No: Test Cases/NF Testing Checklist - Ref No

2020-03-18 16:21:36 - [TEST_STEP][PASSED] - setText(findTestObject("Object Repository/New Subscription/Page_Add New Subscription - PraisindoSIARUI/input_Reference No_RefNo"), ParamRefNo): Text '<?xml version=\"1.0\" encoding=\"ISO-8859-1\"?><!DOCTYPE foo [ <!ELEMENT foo ANY ><!ENTITY xxe SYSTEM \"file:///etc/passwd\" >]><foo>&xxe;</foo>' is set on object 'Object Repository/New Subscription/Page_Add New Subscription - PraisindoSIARUI/input_Reference No_RefNo'

2020-03-18 16:21:43 - [MESSAGE][PASSED] - Text '<?xml version=\"1.0\" encoding=\"ISO-8859-1\"?><!DOCTYPE foo [ <!ELEMENT foo ANY ><!ENTITY xxe SYSTEM \"file:///etc/passwd\" >]><foo>&xxe;</foo>' is set on object 'Object Repository/New Subscription/Page_Add New Subscription - PraisindoSIARUI/input_Reference No_RefNo']]></system-out>
         <system-err><![CDATA[]]></system-err>
      </testcase>
      <testcase name="Test Cases/NF Testing Checklist - Ref No" time="7.859" classname="Test Cases/NF Testing Checklist - Ref No" status="PASSED">
         <system-out><![CDATA[2020-03-18 16:21:43 - [TEST_CASE][PASSED] - Test Cases/NF Testing Checklist - Ref No: Test Cases/NF Testing Checklist - Ref No

2020-03-18 16:21:43 - [TEST_STEP][PASSED] - setText(findTestObject("Object Repository/New Subscription/Page_Add New Subscription - PraisindoSIARUI/input_Reference No_RefNo"), ParamRefNo): Text '\"`+"`"+`'><script>\\x0Djavascript:alert(1)</script>' is set on object 'Object Repository/New Subscription/Page_Add New Subscription - PraisindoSIARUI/input_Reference No_RefNo'

2020-03-18 16:21:51 - [MESSAGE][PASSED] - Text '\"`+"`"+`'><script>\\x0Djavascript:alert(1)</script>' is set on object 'Object Repository/New Subscription/Page_Add New Subscription - PraisindoSIARUI/input_Reference No_RefNo']]></system-out>
         <system-err><![CDATA[]]></system-err>
      </testcase>
      <testcase name="Test Cases/NF Testing Checklist - Ref No" time="3.884" classname="Test Cases/NF Testing Checklist - Ref No" status="PASSED">
         <system-out><![CDATA[2020-03-18 16:21:51 - [TEST_CASE][PASSED] - Test Cases/NF Testing Checklist - Ref No: Test Cases/NF Testing Checklist - Ref No

2020-03-18 16:21:51 - [TEST_STEP][PASSED] - setText(findTestObject("Object Repository/New Subscription/Page_Add New Subscription - PraisindoSIARUI/input_Reference No_RefNo"), ParamRefNo): Text '<script>alert("123")</script>' is set on object 'Object Repository/New Subscription/Page_Add New Subscription - PraisindoSIARUI/input_Reference No_RefNo'

2020-03-18 16:21:55 - [MESSAGE][PASSED] - Text '<script>alert("123")</script>' is set on object 'Object Repository/New Subscription/Page_Add New Subscription - PraisindoSIARUI/input_Reference No_RefNo']]></system-out>
         <system-err><![CDATA[]]></system-err>
      </testcase>
      <testcase name="Test Cases/NF Testing Checklist - Ref No" time="3.533" classname="Test Cases/NF Testing Checklist - Ref No" status="PASSED">
         <system-out><![CDATA[2020-03-18 16:21:55 - [TEST_CASE][PASSED] - Test Cases/NF Testing Checklist - Ref No: Test Cases/NF Testing Checklist - Ref No

2020-03-18 16:21:55 - [TEST_STEP][PASSED] - setText(findTestObject("Object Repository/New Subscription/Page_Add New Subscription - PraisindoSIARUI/input_Reference No_RefNo"), ParamRefNo): Text '<script>alert(document.cookie)</script>' is set on object 'Object Repository/New Subscription/Page_Add New Subscription - PraisindoSIARUI/input_Reference No_RefNo'

2020-03-18 16:21:58 - [MESSAGE][PASSED] - Text '<script>alert(document.cookie)</script>' is set on object 'Object Repository/New Subscription/Page_Add New Subscription - PraisindoSIARUI/input_Reference No_RefNo']]></system-out>
         <system-err><![CDATA[]]></system-err>
      </testcase>
      <testcase name="Test Cases/NF Testing Checklist - Ref No" time="3.731" classname="Test Cases/NF Testing Checklist - Ref No" status="PASSED">
         <system-out><![CDATA[2020-03-18 16:21:58 - [TEST_CASE][PASSED] - Test Cases/NF Testing Checklist - Ref No: Test Cases/NF Testing Checklist - Ref No

2020-03-18 16:21:58 - [TEST_STEP][PASSED] - setText(findTestObject("Object Repository/New Subscription/Page_Add New Subscription - PraisindoSIARUI/input_Reference No_RefNo"), ParamRefNo): Text '<html><a>"Testing"</a></html>' is set on object 'Object Repository/New Subscription/Page_Add New Subscription - PraisindoSIARUI/input_Reference No_RefNo'

2020-03-18 16:22:02 - [MESSAGE][PASSED] - Text '<html><a>"Testing"</a></html>' is set on object 'Object Repository/New Subscription/Page_Add New Subscription - PraisindoSIARUI/input_Reference No_RefNo']]></system-out>
         <system-err><![CDATA[]]></system-err>
      </testcase>
      <testcase name="Test Cases/NF Testing Checklist - Ref No" time="4.446" classname="Test Cases/NF Testing Checklist - Ref No" status="PASSED">
         <system-out><![CDATA[2020-03-18 16:22:02 - [TEST_CASE][PASSED] - Test Cases/NF Testing Checklist - Ref No: Test Cases/NF Testing Checklist - Ref No

2020-03-18 16:22:02 - [TEST_STEP][PASSED] - setText(findTestObject("Object Repository/New Subscription/Page_Add New Subscription - PraisindoSIARUI/input_Reference No_RefNo"), ParamRefNo): Text '<IMG SRC=\"jav&#x09;ascript:alert('XSS');\">' is set on object 'Object Repository/New Subscription/Page_Add New Subscription - PraisindoSIARUI/input_Reference No_RefNo'

2020-03-18 16:22:07 - [MESSAGE][PASSED] - Text '<IMG SRC=\"jav&#x09;ascript:alert('XSS');\">' is set on object 'Object Repository/New Subscription/Page_Add New Subscription - PraisindoSIARUI/input_Reference No_RefNo']]></system-out>
         <system-err><![CDATA[]]></system-err>
      </testcase>
      <testcase name="Test Cases/NF Testing Checklist - Ref No" time="3.02" classname="Test Cases/NF Testing Checklist - Ref No" status="PASSED">
         <system-out><![CDATA[2020-03-18 16:22:07 - [TEST_CASE][PASSED] - Test Cases/NF Testing Checklist - Ref No: Test Cases/NF Testing Checklist - Ref No

2020-03-18 16:22:07 - [TEST_STEP][PASSED] - setText(findTestObject("Object Repository/New Subscription/Page_Add New Subscription - PraisindoSIARUI/input_Reference No_RefNo"), ParamRefNo): Text 'http://a/%%30%30' is set on object 'Object Repository/New Subscription/Page_Add New Subscription - PraisindoSIARUI/input_Reference No_RefNo'

2020-03-18 16:22:10 - [MESSAGE][PASSED] - Text 'http://a/%%30%30' is set on object 'Object Repository/New Subscription/Page_Add New Subscription - PraisindoSIARUI/input_Reference No_RefNo']]></system-out>
         <system-err><![CDATA[]]></system-err>
      </testcase>
      <testcase name="Test Cases/NF Testing Checklist - Ref No" time="4.098" classname="Test Cases/NF Testing Checklist - Ref No" status="PASSED">
         <system-out><![CDATA[2020-03-18 16:22:10 - [TEST_CASE][PASSED] - Test Cases/NF Testing Checklist - Ref No: Test Cases/NF Testing Checklist - Ref No

2020-03-18 16:22:10 - [TEST_STEP][PASSED] - setText(findTestObject("Object Repository/New Subscription/Page_Add New Subscription - PraisindoSIARUI/input_Reference No_RefNo"), ParamRefNo): Text '1'; DROP TABLE users-- 1' is set on object 'Object Repository/New Subscription/Page_Add New Subscription - PraisindoSIARUI/input_Reference No_RefNo'

2020-03-18 16:22:14 - [MESSAGE][PASSED] - Text '1'; DROP TABLE users-- 1' is set on object 'Object Repository/New Subscription/Page_Add New Subscription - PraisindoSIARUI/input_Reference No_RefNo']]></system-out>
         <system-err><![CDATA[]]></system-err>
      </testcase>
      <testcase name="Test Cases/NF Testing Checklist - Ref No" time="11.238" classname="Test Cases/NF Testing Checklist - Ref No" status="PASSED">
         <system-out><![CDATA[2020-03-18 16:22:14 - [TEST_CASE][PASSED] - Test Cases/NF Testing Checklist - Ref No: Test Cases/NF Testing Checklist - Ref No

2020-03-18 16:22:14 - [TEST_STEP][PASSED] - setText(findTestObject("Object Repository/New Subscription/Page_Add New Subscription - PraisindoSIARUI/input_Reference No_RefNo"), ParamRefNo): Text '<iframe width="560" height="315" src="https://www.youtube.com/embed/WesrJBgEmyw" frameborder="0" allow="accelerometer; autoplay; encrypted-media; gyroscope; picture-in-picture" allowfullscreen></iframe>' is set on object 'Object Repository/New Subscription/Page_Add New Subscription - PraisindoSIARUI/input_Reference No_RefNo'

2020-03-18 16:22:25 - [MESSAGE][PASSED] - Text '<iframe width="560" height="315" src="https://www.youtube.com/embed/WesrJBgEmyw" frameborder="0" allow="accelerometer; autoplay; encrypted-media; gyroscope; picture-in-picture" allowfullscreen></iframe>' is set on object 'Object Repository/New Subscription/Page_Add New Subscription - PraisindoSIARUI/input_Reference No_RefNo']]></system-out>
         <system-err><![CDATA[]]></system-err>
      </testcase>
      <testcase name="Test Cases/NF Testing Checklist - Ref No" time="7.085" classname="Test Cases/NF Testing Checklist - Ref No" status="PASSED">
         <system-out><![CDATA[2020-03-18 16:22:25 - [TEST_CASE][PASSED] - Test Cases/NF Testing Checklist - Ref No: Test Cases/NF Testing Checklist - Ref No

2020-03-18 16:22:25 - [TEST_STEP][PASSED] - setText(findTestObject("Object Repository/New Subscription/Page_Add New Subscription - PraisindoSIARUI/input_Reference No_RefNo"), ParamRefNo): Text 'Kernel.exec(\"ls -al /\")' is set on object 'Object Repository/New Subscription/Page_Add New Subscription - PraisindoSIARUI/input_Reference No_RefNo'

2020-03-18 16:22:32 - [MESSAGE][PASSED] - Text 'Kernel.exec(\"ls -al /\")' is set on object 'Object Repository/New Subscription/Page_Add New Subscription - PraisindoSIARUI/input_Reference No_RefNo']]></system-out>
         <system-err><![CDATA[]]></system-err>
      </testcase>
      <testcase name="Test Cases/NF Testing Checklist - Ref No" time="4.548" classname="Test Cases/NF Testing Checklist - Ref No" status="PASSED">
         <system-out><![CDATA[2020-03-18 16:22:32 - [TEST_CASE][PASSED] - Test Cases/NF Testing Checklist - Ref No: Test Cases/NF Testing Checklist - Ref No

2020-03-18 16:22:32 - [TEST_STEP][PASSED] - setText(findTestObject("Object Repository/New Subscription/Page_Add New Subscription - PraisindoSIARUI/input_Reference No_RefNo"), ParamRefNo): Text '() { _; } >_[$($())] { touch /tmp/blns.shellshock2.fail; }' is set on object 'Object Repository/New Subscription/Page_Add New Subscription - PraisindoSIARUI/input_Reference No_RefNo'

2020-03-18 16:22:37 - [MESSAGE][PASSED] - Text '() { _; } >_[$($())] { touch /tmp/blns.shellshock2.fail; }' is set on object 'Object Repository/New Subscription/Page_Add New Subscription - PraisindoSIARUI/input_Reference No_RefNo']]></system-out>
         <system-err><![CDATA[]]></system-err>
      </testcase>
      <testcase name="Test Cases/NF Testing Checklist - Select Inv Account (New)" time="5.117" classname="Test Cases/NF Testing Checklist - Select Inv Account (New)" status="PASSED">
         <system-out><![CDATA[2020-03-18 16:22:37 - [TEST_CASE][PASSED] - Test Cases/NF Testing Checklist - Select Inv Account (New): Test Cases/NF Testing Checklist - Select Inv Account (New)

2020-03-18 16:22:38 - [TEST_STEP][PASSED] - click(findTestObject("Object Repository/New Subscription/Page_Add New Subscription - PraisindoSIARUI/div_Investment Account                     _c7457b")): Object: 'Object Repository/New Subscription/Page_Add New Subscription - PraisindoSIARUI/div_Investment Account                     _c7457b' is clicked on

2020-03-18 16:22:39 - [MESSAGE][PASSED] - Object: 'Object Repository/New Subscription/Page_Add New Subscription - PraisindoSIARUI/div_Investment Account                     _c7457b' is clicked on

2020-03-18 16:22:39 - [TEST_STEP][PASSED] - selectOptionByValue(findTestObject("Object Repository/New Subscription/Page_Add New Subscription - PraisindoSIARUI/select_New Account 11290000233729 584 REGUL_4f48bc"), "New Account", true): All options with value 'New Account' are selected in object 'Object Repository/New Subscription/Page_Add New Subscription - PraisindoSIARUI/select_New Account 11290000233729 584 REGUL_4f48bc'  using regular expression

2020-03-18 16:22:42 - [MESSAGE][PASSED] - All options with value 'New Account' are selected in object 'Object Repository/New Subscription/Page_Add New Subscription - PraisindoSIARUI/select_New Account 11290000233729 584 REGUL_4f48bc'  using regular expression]]></system-out>
         <system-err><![CDATA[]]></system-err>
      </testcase>
      <testcase name="Test Cases/NF Testing Checklist - Prod" time="8.519" classname="Test Cases/NF Testing Checklist - Prod" status="PASSED">
         <system-out><![CDATA[2020-03-18 16:22:42 - [TEST_CASE][PASSED] - Test Cases/NF Testing Checklist - Prod: Test Cases/NF Testing Checklist - Prod

2020-03-18 16:22:43 - [TEST_STEP][PASSED] - setText(findTestObject("New Subscription/Page_Add New Subscription - PraisindoSIARUI/input__product"), ParamProd): Text 'ASDFASDFASDFASDFASDFAASASFFDDFDSFDSFDASDFASDFASDFASDFASDFAASASFFDDFDSFDSFDSFFSDFDASDFASDFASDFASDFASDFAASASFFDDFDSFDSFDSFFSDFDASDFASDFASDFASDFASDFAASASFFDDFDSFDSFDSFFSDFDASDFASDFASDFASDFASDFAASASFFDDFDSFDSFDSFFSDFDASDFASDFASDFASDFASDFAASASFFDDFDSFDSFDSFFSDFDASDFASDFASDFASDFASDFAASASFFDDFDSFDSSFFSDFD ' is set on object 'Object Repository/New Subscription/Page_Add New Subscription - PraisindoSIARUI/input__product'

2020-03-18 16:22:48 - [MESSAGE][PASSED] - Text 'ASDFASDFASDFASDFASDFAASASFFDDFDSFDSFDASDFASDFASDFASDFASDFAASASFFDDFDSFDSFDSFFSDFDASDFASDFASDFASDFASDFAASASFFDDFDSFDSFDSFFSDFDASDFASDFASDFASDFASDFAASASFFDDFDSFDSFDSFFSDFDASDFASDFASDFASDFASDFAASASFFDDFDSFDSFDSFFSDFDASDFASDFASDFASDFASDFAASASFFDDFDSFDSFDSFFSDFDASDFASDFASDFASDFASDFAASASFFDDFDSFDSSFFSDFD ' is set on object 'Object Repository/New Subscription/Page_Add New Subscription - PraisindoSIARUI/input__product'

2020-03-18 16:22:48 - [TEST_STEP][PASSED] - sendKeys(findTestObject("New Subscription/Page_Add New Subscription - PraisindoSIARUI/input__product"), Keys.chord(ENTER)): Keys 'ENTER + ' sent to object: 'Object Repository/New Subscription/Page_Add New Subscription - PraisindoSIARUI/input__product'

2020-03-18 16:22:50 - [MESSAGE][PASSED] - Keys 'ENTER + ' sent to object: 'Object Repository/New Subscription/Page_Add New Subscription - PraisindoSIARUI/input__product']]></system-out>
         <system-err><![CDATA[]]></system-err>
      </testcase>
      <testcase name="Test Cases/NF Testing Checklist - Prod" time="5.073" classname="Test Cases/NF Testing Checklist - Prod" status="PASSED">
         <system-out><![CDATA[2020-03-18 16:22:50 - [TEST_CASE][PASSED] - Test Cases/NF Testing Checklist - Prod: Test Cases/NF Testing Checklist - Prod

2020-03-18 16:22:50 - [TEST_STEP][PASSED] - setText(findTestObject("New Subscription/Page_Add New Subscription - PraisindoSIARUI/input__product"), ParamProd): Text '~!@#$%^&*_ -+=’|\(){}[]:;”’<>,.?/; ? ' is set on object 'Object Repository/New Subscription/Page_Add New Subscription - PraisindoSIARUI/input__product'

2020-03-18 16:22:54 - [MESSAGE][PASSED] - Text '~!@#$%^&*_ -+=’|\(){}[]:;”’<>,.?/; ? ' is set on object 'Object Repository/New Subscription/Page_Add New Subscription - PraisindoSIARUI/input__product'

2020-03-18 16:22:54 - [TEST_STEP][PASSED] - sendKeys(findTestObject("New Subscription/Page_Add New Subscription - PraisindoSIARUI/input__product"), Keys.chord(ENTER)): Keys 'ENTER + ' sent to object: 'Object Repository/New Subscription/Page_Add New Subscription - PraisindoSIARUI/input__product'

2020-03-18 16:22:56 - [MESSAGE][PASSED] - Keys 'ENTER + ' sent to object: 'Object Repository/New Subscription/Page_Add New Subscription - PraisindoSIARUI/input__product']]></system-out>
         <system-err><![CDATA[]]></system-err>
      </testcase>
      <testcase name="Test Cases/NF Testing Checklist - Prod" time="5.056" classname="Test Cases/NF Testing Checklist - Prod" status="PASSED">
         <system-out><![CDATA[2020-03-18 16:22:56 - [TEST_CASE][PASSED] - Test Cases/NF Testing Checklist - Prod: Test Cases/NF Testing Checklist - Prod

2020-03-18 16:22:56 - [TEST_STEP][PASSED] - setText(findTestObject("New Subscription/Page_Add New Subscription - PraisindoSIARUI/input__product"), ParamProd): Text 'the flying fox jumpz over the lazy dog' is set on object 'Object Repository/New Subscription/Page_Add New Subscription - PraisindoSIARUI/input__product'

2020-03-18 16:22:59 - [MESSAGE][PASSED] - Text 'the flying fox jumpz over the lazy dog' is set on object 'Object Repository/New Subscription/Page_Add New Subscription - PraisindoSIARUI/input__product'

2020-03-18 16:22:59 - [TEST_STEP][PASSED] - sendKeys(findTestObject("New Subscription/Page_Add New Subscription - PraisindoSIARUI/input__product"), Keys.chord(ENTER)): Keys 'ENTER + ' sent to object: 'Object Repository/New Subscription/Page_Add New Subscription - PraisindoSIARUI/input__product'

2020-03-18 16:23:01 - [MESSAGE][PASSED] - Keys 'ENTER + ' sent to object: 'Object Repository/New Subscription/Page_Add New Subscription - PraisindoSIARUI/input__product']]></system-out>
         <system-err><![CDATA[]]></system-err>
      </testcase>
      <testcase name="Test Cases/NF Testing Checklist - Prod" time="5.106" classname="Test Cases/NF Testing Checklist - Prod" status="PASSED">
         <system-out><![CDATA[2020-03-18 16:23:01 - [TEST_CASE][PASSED] - Test Cases/NF Testing Checklist - Prod: Test Cases/NF Testing Checklist - Prod

2020-03-18 16:23:01 - [TEST_STEP][PASSED] - setText(findTestObject("New Subscription/Page_Add New Subscription - PraisindoSIARUI/input__product"), ParamProd): Text 'abcdefhijklmnopqrstuvwxyz ' is set on object 'Object Repository/New Subscription/Page_Add New Subscription - PraisindoSIARUI/input__product'

2020-03-18 16:23:04 - [MESSAGE][PASSED] - Text 'abcdefhijklmnopqrstuvwxyz ' is set on object 'Object Repository/New Subscription/Page_Add New Subscription - PraisindoSIARUI/input__product'

2020-03-18 16:23:04 - [TEST_STEP][PASSED] - sendKeys(findTestObject("New Subscription/Page_Add New Subscription - PraisindoSIARUI/input__product"), Keys.chord(ENTER)): Keys 'ENTER + ' sent to object: 'Object Repository/New Subscription/Page_Add New Subscription - PraisindoSIARUI/input__product'

2020-03-18 16:23:06 - [MESSAGE][PASSED] - Keys 'ENTER + ' sent to object: 'Object Repository/New Subscription/Page_Add New Subscription - PraisindoSIARUI/input__product']]></system-out>
         <system-err><![CDATA[]]></system-err>
      </testcase>
      <testcase name="Test Cases/NF Testing Checklist - Prod" time="4.784" classname="Test Cases/NF Testing Checklist - Prod" status="PASSED">
         <system-out><![CDATA[2020-03-18 16:23:06 - [TEST_CASE][PASSED] - Test Cases/NF Testing Checklist - Prod: Test Cases/NF Testing Checklist - Prod

2020-03-18 16:23:06 - [TEST_STEP][PASSED] - setText(findTestObject("New Subscription/Page_Add New Subscription - PraisindoSIARUI/input__product"), ParamProd): Text '1234567890' is set on object 'Object Repository/New Subscription/Page_Add New Subscription - PraisindoSIARUI/input__product'

2020-03-18 16:23:09 - [MESSAGE][PASSED] - Text '1234567890' is set on object 'Object Repository/New Subscription/Page_Add New Subscription - PraisindoSIARUI/input__product'

2020-03-18 16:23:09 - [TEST_STEP][PASSED] - sendKeys(findTestObject("New Subscription/Page_Add New Subscription - PraisindoSIARUI/input__product"), Keys.chord(ENTER)): Keys 'ENTER + ' sent to object: 'Object Repository/New Subscription/Page_Add New Subscription - PraisindoSIARUI/input__product'

2020-03-18 16:23:11 - [MESSAGE][PASSED] - Keys 'ENTER + ' sent to object: 'Object Repository/New Subscription/Page_Add New Subscription - PraisindoSIARUI/input__product']]></system-out>
         <system-err><![CDATA[]]></system-err>
      </testcase>
      <testcase name="Test Cases/NF Testing Checklist - Prod" time="4.073" classname="Test Cases/NF Testing Checklist - Prod" status="PASSED">
         <system-out><![CDATA[2020-03-18 16:23:11 - [TEST_CASE][PASSED] - Test Cases/NF Testing Checklist - Prod: Test Cases/NF Testing Checklist - Prod

2020-03-18 16:23:11 - [TEST_STEP][PASSED] - setText(findTestObject("New Subscription/Page_Add New Subscription - PraisindoSIARUI/input__product"), ParamProd): Text '' is set on object 'Object Repository/New Subscription/Page_Add New Subscription - PraisindoSIARUI/input__product'

2020-03-18 16:23:13 - [MESSAGE][PASSED] - Text '' is set on object 'Object Repository/New Subscription/Page_Add New Subscription - PraisindoSIARUI/input__product'

2020-03-18 16:23:13 - [TEST_STEP][PASSED] - sendKeys(findTestObject("New Subscription/Page_Add New Subscription - PraisindoSIARUI/input__product"), Keys.chord(ENTER)): Keys 'ENTER + ' sent to object: 'Object Repository/New Subscription/Page_Add New Subscription - PraisindoSIARUI/input__product'

2020-03-18 16:23:15 - [MESSAGE][PASSED] - Keys 'ENTER + ' sent to object: 'Object Repository/New Subscription/Page_Add New Subscription - PraisindoSIARUI/input__product']]></system-out>
         <system-err><![CDATA[]]></system-err>
      </testcase>
      <testcase name="Test Cases/NF Testing Checklist - Prod" time="4.204" classname="Test Cases/NF Testing Checklist - Prod" status="PASSED">
         <system-out><![CDATA[2020-03-18 16:23:15 - [TEST_CASE][PASSED] - Test Cases/NF Testing Checklist - Prod: Test Cases/NF Testing Checklist - Prod

2020-03-18 16:23:15 - [TEST_STEP][PASSED] - setText(findTestObject("New Subscription/Page_Add New Subscription - PraisindoSIARUI/input__product"), ParamProd): Text '' is set on object 'Object Repository/New Subscription/Page_Add New Subscription - PraisindoSIARUI/input__product'

2020-03-18 16:23:17 - [MESSAGE][PASSED] - Text '' is set on object 'Object Repository/New Subscription/Page_Add New Subscription - PraisindoSIARUI/input__product'

2020-03-18 16:23:17 - [TEST_STEP][PASSED] - sendKeys(findTestObject("New Subscription/Page_Add New Subscription - PraisindoSIARUI/input__product"), Keys.chord(ENTER)): Keys 'ENTER + ' sent to object: 'Object Repository/New Subscription/Page_Add New Subscription - PraisindoSIARUI/input__product'

2020-03-18 16:23:19 - [MESSAGE][PASSED] - Keys 'ENTER + ' sent to object: 'Object Repository/New Subscription/Page_Add New Subscription - PraisindoSIARUI/input__product']]></system-out>
         <system-err><![CDATA[]]></system-err>
      </testcase>
      <testcase name="Test Cases/NF Testing Checklist - Prod" time="4.157" classname="Test Cases/NF Testing Checklist - Prod" status="PASSED">
         <system-out><![CDATA[2020-03-18 16:23:19 - [TEST_CASE][PASSED] - Test Cases/NF Testing Checklist - Prod: Test Cases/NF Testing Checklist - Prod

2020-03-18 16:23:19 - [TEST_STEP][PASSED] - setText(findTestObject("New Subscription/Page_Add New Subscription - PraisindoSIARUI/input__product"), ParamProd): Text '           ' is set on object 'Object Repository/New Subscription/Page_Add New Subscription - PraisindoSIARUI/input__product'

2020-03-18 16:23:22 - [MESSAGE][PASSED] - Text '           ' is set on object 'Object Repository/New Subscription/Page_Add New Subscription - PraisindoSIARUI/input__product'

2020-03-18 16:23:22 - [TEST_STEP][PASSED] - sendKeys(findTestObject("New Subscription/Page_Add New Subscription - PraisindoSIARUI/input__product"), Keys.chord(ENTER)): Keys 'ENTER + ' sent to object: 'Object Repository/New Subscription/Page_Add New Subscription - PraisindoSIARUI/input__product'

2020-03-18 16:23:23 - [MESSAGE][PASSED] - Keys 'ENTER + ' sent to object: 'Object Repository/New Subscription/Page_Add New Subscription - PraisindoSIARUI/input__product']]></system-out>
         <system-err><![CDATA[]]></system-err>
      </testcase>
      <testcase name="Test Cases/NF Testing Checklist - Prod" time="5.472" classname="Test Cases/NF Testing Checklist - Prod" status="PASSED">
         <system-out><![CDATA[2020-03-18 16:23:23 - [TEST_CASE][PASSED] - Test Cases/NF Testing Checklist - Prod: Test Cases/NF Testing Checklist - Prod

2020-03-18 16:23:23 - [TEST_STEP][PASSED] - setText(findTestObject("New Subscription/Page_Add New Subscription - PraisindoSIARUI/input__product"), ParamProd): Text 'ABC<div style=\"x\\x3Aexpression(javascript:alert(1)\">DEF' is set on object 'Object Repository/New Subscription/Page_Add New Subscription - PraisindoSIARUI/input__product'

2020-03-18 16:23:27 - [MESSAGE][PASSED] - Text 'ABC<div style=\"x\\x3Aexpression(javascript:alert(1)\">DEF' is set on object 'Object Repository/New Subscription/Page_Add New Subscription - PraisindoSIARUI/input__product'

2020-03-18 16:23:27 - [TEST_STEP][PASSED] - sendKeys(findTestObject("New Subscription/Page_Add New Subscription - PraisindoSIARUI/input__product"), Keys.chord(ENTER)): Keys 'ENTER + ' sent to object: 'Object Repository/New Subscription/Page_Add New Subscription - PraisindoSIARUI/input__product'

2020-03-18 16:23:29 - [MESSAGE][PASSED] - Keys 'ENTER + ' sent to object: 'Object Repository/New Subscription/Page_Add New Subscription - PraisindoSIARUI/input__product']]></system-out>
         <system-err><![CDATA[]]></system-err>
      </testcase>
      <testcase name="Test Cases/NF Testing Checklist - Prod" time="5.431" classname="Test Cases/NF Testing Checklist - Prod" status="PASSED">
         <system-out><![CDATA[2020-03-18 16:23:29 - [TEST_CASE][PASSED] - Test Cases/NF Testing Checklist - Prod: Test Cases/NF Testing Checklist - Prod

2020-03-18 16:23:29 - [TEST_STEP][PASSED] - setText(findTestObject("New Subscription/Page_Add New Subscription - PraisindoSIARUI/input__product"), ParamProd): Text '<script\\x20type=\"text/javascript\">javascript:alert(1);</script>' is set on object 'Object Repository/New Subscription/Page_Add New Subscription - PraisindoSIARUI/input__product'

2020-03-18 16:23:32 - [MESSAGE][PASSED] - Text '<script\\x20type=\"text/javascript\">javascript:alert(1);</script>' is set on object 'Object Repository/New Subscription/Page_Add New Subscription - PraisindoSIARUI/input__product'

2020-03-18 16:23:32 - [TEST_STEP][PASSED] - sendKeys(findTestObject("New Subscription/Page_Add New Subscription - PraisindoSIARUI/input__product"), Keys.chord(ENTER)): Keys 'ENTER + ' sent to object: 'Object Repository/New Subscription/Page_Add New Subscription - PraisindoSIARUI/input__product'

2020-03-18 16:23:34 - [MESSAGE][PASSED] - Keys 'ENTER + ' sent to object: 'Object Repository/New Subscription/Page_Add New Subscription - PraisindoSIARUI/input__product']]></system-out>
         <system-err><![CDATA[]]></system-err>
      </testcase>
      <testcase name="Test Cases/NF Testing Checklist - Prod" time="6.189" classname="Test Cases/NF Testing Checklist - Prod" status="PASSED">
         <system-out><![CDATA[2020-03-18 16:23:34 - [TEST_CASE][PASSED] - Test Cases/NF Testing Checklist - Prod: Test Cases/NF Testing Checklist - Prod

2020-03-18 16:23:34 - [TEST_STEP][PASSED] - setText(findTestObject("New Subscription/Page_Add New Subscription - PraisindoSIARUI/input__product"), ParamProd): Text '<a href=\"\\x1Ejavascript:javascript:alert(1)\" id=\"fuzzelement1\">test</a>' is set on object 'Object Repository/New Subscription/Page_Add New Subscription - PraisindoSIARUI/input__product'

2020-03-18 16:23:38 - [MESSAGE][PASSED] - Text '<a href=\"\\x1Ejavascript:javascript:alert(1)\" id=\"fuzzelement1\">test</a>' is set on object 'Object Repository/New Subscription/Page_Add New Subscription - PraisindoSIARUI/input__product'

2020-03-18 16:23:38 - [TEST_STEP][PASSED] - sendKeys(findTestObject("New Subscription/Page_Add New Subscription - PraisindoSIARUI/input__product"), Keys.chord(ENTER)): Keys 'ENTER + ' sent to object: 'Object Repository/New Subscription/Page_Add New Subscription - PraisindoSIARUI/input__product'

2020-03-18 16:23:40 - [MESSAGE][PASSED] - Keys 'ENTER + ' sent to object: 'Object Repository/New Subscription/Page_Add New Subscription - PraisindoSIARUI/input__product']]></system-out>
         <system-err><![CDATA[]]></system-err>
      </testcase>
      <testcase name="Test Cases/NF Testing Checklist - Prod" time="5.431" classname="Test Cases/NF Testing Checklist - Prod" status="PASSED">
         <system-out><![CDATA[2020-03-18 16:23:40 - [TEST_CASE][PASSED] - Test Cases/NF Testing Checklist - Prod: Test Cases/NF Testing Checklist - Prod

2020-03-18 16:23:40 - [TEST_STEP][PASSED] - setText(findTestObject("New Subscription/Page_Add New Subscription - PraisindoSIARUI/input__product"), ParamProd): Text '<img src=x\\x13onerror=\"javascript:alert(1)\">' is set on object 'Object Repository/New Subscription/Page_Add New Subscription - PraisindoSIARUI/input__product'

2020-03-18 16:23:44 - [MESSAGE][PASSED] - Text '<img src=x\\x13onerror=\"javascript:alert(1)\">' is set on object 'Object Repository/New Subscription/Page_Add New Subscription - PraisindoSIARUI/input__product'

2020-03-18 16:23:44 - [TEST_STEP][PASSED] - sendKeys(findTestObject("New Subscription/Page_Add New Subscription - PraisindoSIARUI/input__product"), Keys.chord(ENTER)): Keys 'ENTER + ' sent to object: 'Object Repository/New Subscription/Page_Add New Subscription - PraisindoSIARUI/input__product'

2020-03-18 16:23:46 - [MESSAGE][PASSED] - Keys 'ENTER + ' sent to object: 'Object Repository/New Subscription/Page_Add New Subscription - PraisindoSIARUI/input__product']]></system-out>
         <system-err><![CDATA[]]></system-err>
      </testcase>
      <testcase name="Test Cases/NF Testing Checklist - Prod" time="6.381" classname="Test Cases/NF Testing Checklist - Prod" status="PASSED">
         <system-out><![CDATA[2020-03-18 16:23:46 - [TEST_CASE][PASSED] - Test Cases/NF Testing Checklist - Prod: Test Cases/NF Testing Checklist - Prod

2020-03-18 16:23:46 - [TEST_STEP][PASSED] - setText(findTestObject("New Subscription/Page_Add New Subscription - PraisindoSIARUI/input__product"), ParamProd): Text '<?xml version=\"1.0\" encoding=\"ISO-8859-1\"?><!DOCTYPE foo [ <!ELEMENT foo ANY ><!ENTITY xxe SYSTEM \"file:///etc/passwd\" >]><foo>&xxe;</foo>' is set on object 'Object Repository/New Subscription/Page_Add New Subscription - PraisindoSIARUI/input__product'

2020-03-18 16:23:50 - [MESSAGE][PASSED] - Text '<?xml version=\"1.0\" encoding=\"ISO-8859-1\"?><!DOCTYPE foo [ <!ELEMENT foo ANY ><!ENTITY xxe SYSTEM \"file:///etc/passwd\" >]><foo>&xxe;</foo>' is set on object 'Object Repository/New Subscription/Page_Add New Subscription - PraisindoSIARUI/input__product'

2020-03-18 16:23:50 - [TEST_STEP][PASSED] - sendKeys(findTestObject("New Subscription/Page_Add New Subscription - PraisindoSIARUI/input__product"), Keys.chord(ENTER)): Keys 'ENTER + ' sent to object: 'Object Repository/New Subscription/Page_Add New Subscription - PraisindoSIARUI/input__product'

2020-03-18 16:23:52 - [MESSAGE][PASSED] - Keys 'ENTER + ' sent to object: 'Object Repository/New Subscription/Page_Add New Subscription - PraisindoSIARUI/input__product']]></system-out>
         <system-err><![CDATA[]]></system-err>
      </testcase>
      <testcase name="Test Cases/NF Testing Checklist - Prod" time="5.368" classname="Test Cases/NF Testing Checklist - Prod" status="PASSED">
         <system-out><![CDATA[2020-03-18 16:23:52 - [TEST_CASE][PASSED] - Test Cases/NF Testing Checklist - Prod: Test Cases/NF Testing Checklist - Prod

2020-03-18 16:23:52 - [TEST_STEP][PASSED] - setText(findTestObject("New Subscription/Page_Add New Subscription - PraisindoSIARUI/input__product"), ParamProd): Text '\"`+"`"+`'><script>\\x0Djavascript:alert(1)</script>' is set on object 'Object Repository/New Subscription/Page_Add New Subscription - PraisindoSIARUI/input__product'

2020-03-18 16:23:56 - [MESSAGE][PASSED] - Text '\"`+"`"+`'><script>\\x0Djavascript:alert(1)</script>' is set on object 'Object Repository/New Subscription/Page_Add New Subscription - PraisindoSIARUI/input__product'

2020-03-18 16:23:56 - [TEST_STEP][PASSED] - sendKeys(findTestObject("New Subscription/Page_Add New Subscription - PraisindoSIARUI/input__product"), Keys.chord(ENTER)): Keys 'ENTER + ' sent to object: 'Object Repository/New Subscription/Page_Add New Subscription - PraisindoSIARUI/input__product'

2020-03-18 16:23:57 - [MESSAGE][PASSED] - Keys 'ENTER + ' sent to object: 'Object Repository/New Subscription/Page_Add New Subscription - PraisindoSIARUI/input__product']]></system-out>
         <system-err><![CDATA[]]></system-err>
      </testcase>
      <testcase name="Test Cases/NF Testing Checklist - Prod" time="5.47" classname="Test Cases/NF Testing Checklist - Prod" status="PASSED">
         <system-out><![CDATA[2020-03-18 16:23:57 - [TEST_CASE][PASSED] - Test Cases/NF Testing Checklist - Prod: Test Cases/NF Testing Checklist - Prod

2020-03-18 16:23:58 - [TEST_STEP][PASSED] - setText(findTestObject("New Subscription/Page_Add New Subscription - PraisindoSIARUI/input__product"), ParamProd): Text '<script>alert("123")</script>' is set on object 'Object Repository/New Subscription/Page_Add New Subscription - PraisindoSIARUI/input__product'

2020-03-18 16:24:01 - [MESSAGE][PASSED] - Text '<script>alert("123")</script>' is set on object 'Object Repository/New Subscription/Page_Add New Subscription - PraisindoSIARUI/input__product'

2020-03-18 16:24:01 - [TEST_STEP][PASSED] - sendKeys(findTestObject("New Subscription/Page_Add New Subscription - PraisindoSIARUI/input__product"), Keys.chord(ENTER)): Keys 'ENTER + ' sent to object: 'Object Repository/New Subscription/Page_Add New Subscription - PraisindoSIARUI/input__product'

2020-03-18 16:24:03 - [MESSAGE][PASSED] - Keys 'ENTER + ' sent to object: 'Object Repository/New Subscription/Page_Add New Subscription - PraisindoSIARUI/input__product']]></system-out>
         <system-err><![CDATA[]]></system-err>
      </testcase>
      <testcase name="Test Cases/NF Testing Checklist - Prod" time="5.484" classname="Test Cases/NF Testing Checklist - Prod" status="PASSED">
         <system-out><![CDATA[2020-03-18 16:24:03 - [TEST_CASE][PASSED] - Test Cases/NF Testing Checklist - Prod: Test Cases/NF Testing Checklist - Prod

2020-03-18 16:24:03 - [TEST_STEP][PASSED] - setText(findTestObject("New Subscription/Page_Add New Subscription - PraisindoSIARUI/input__product"), ParamProd): Text '<script>alert(document.cookie)</script>' is set on object 'Object Repository/New Subscription/Page_Add New Subscription - PraisindoSIARUI/input__product'

2020-03-18 16:24:06 - [MESSAGE][PASSED] - Text '<script>alert(document.cookie)</script>' is set on object 'Object Repository/New Subscription/Page_Add New Subscription - PraisindoSIARUI/input__product'

2020-03-18 16:24:06 - [TEST_STEP][PASSED] - sendKeys(findTestObject("New Subscription/Page_Add New Subscription - PraisindoSIARUI/input__product"), Keys.chord(ENTER)): Keys 'ENTER + ' sent to object: 'Object Repository/New Subscription/Page_Add New Subscription - PraisindoSIARUI/input__product'

2020-03-18 16:24:08 - [MESSAGE][PASSED] - Keys 'ENTER + ' sent to object: 'Object Repository/New Subscription/Page_Add New Subscription - PraisindoSIARUI/input__product']]></system-out>
         <system-err><![CDATA[]]></system-err>
      </testcase>
      <testcase name="Test Cases/NF Testing Checklist - Prod" time="5.055" classname="Test Cases/NF Testing Checklist - Prod" status="PASSED">
         <system-out><![CDATA[2020-03-18 16:24:08 - [TEST_CASE][PASSED] - Test Cases/NF Testing Checklist - Prod: Test Cases/NF Testing Checklist - Prod

2020-03-18 16:24:09 - [TEST_STEP][PASSED] - setText(findTestObject("New Subscription/Page_Add New Subscription - PraisindoSIARUI/input__product"), ParamProd): Text '<html><a>"Testing"</a></html>' is set on object 'Object Repository/New Subscription/Page_Add New Subscription - PraisindoSIARUI/input__product'

2020-03-18 16:24:12 - [MESSAGE][PASSED] - Text '<html><a>"Testing"</a></html>' is set on object 'Object Repository/New Subscription/Page_Add New Subscription - PraisindoSIARUI/input__product'

2020-03-18 16:24:12 - [TEST_STEP][PASSED] - sendKeys(findTestObject("New Subscription/Page_Add New Subscription - PraisindoSIARUI/input__product"), Keys.chord(ENTER)): Keys 'ENTER + ' sent to object: 'Object Repository/New Subscription/Page_Add New Subscription - PraisindoSIARUI/input__product'

2020-03-18 16:24:14 - [MESSAGE][PASSED] - Keys 'ENTER + ' sent to object: 'Object Repository/New Subscription/Page_Add New Subscription - PraisindoSIARUI/input__product']]></system-out>
         <system-err><![CDATA[]]></system-err>
      </testcase>
      <testcase name="Test Cases/NF Testing Checklist - Prod" time="6.197" classname="Test Cases/NF Testing Checklist - Prod" status="PASSED">
         <system-out><![CDATA[2020-03-18 16:24:14 - [TEST_CASE][PASSED] - Test Cases/NF Testing Checklist - Prod: Test Cases/NF Testing Checklist - Prod

2020-03-18 16:24:14 - [TEST_STEP][PASSED] - setText(findTestObject("New Subscription/Page_Add New Subscription - PraisindoSIARUI/input__product"), ParamProd): Text '<IMG SRC=\"jav&#x09;ascript:alert('XSS');\">' is set on object 'Object Repository/New Subscription/Page_Add New Subscription - PraisindoSIARUI/input__product'

2020-03-18 16:24:18 - [MESSAGE][PASSED] - Text '<IMG SRC=\"jav&#x09;ascript:alert('XSS');\">' is set on object 'Object Repository/New Subscription/Page_Add New Subscription - PraisindoSIARUI/input__product'

2020-03-18 16:24:18 - [TEST_STEP][PASSED] - sendKeys(findTestObject("New Subscription/Page_Add New Subscription - PraisindoSIARUI/input__product"), Keys.chord(ENTER)): Keys 'ENTER + ' sent to object: 'Object Repository/New Subscription/Page_Add New Subscription - PraisindoSIARUI/input__product'

2020-03-18 16:24:20 - [MESSAGE][PASSED] - Keys 'ENTER + ' sent to object: 'Object Repository/New Subscription/Page_Add New Subscription - PraisindoSIARUI/input__product']]></system-out>
         <system-err><![CDATA[]]></system-err>
      </testcase>
      <testcase name="Test Cases/NF Testing Checklist - Prod" time="4.814" classname="Test Cases/NF Testing Checklist - Prod" status="PASSED">
         <system-out><![CDATA[2020-03-18 16:24:20 - [TEST_CASE][PASSED] - Test Cases/NF Testing Checklist - Prod: Test Cases/NF Testing Checklist - Prod

2020-03-18 16:24:20 - [TEST_STEP][PASSED] - setText(findTestObject("New Subscription/Page_Add New Subscription - PraisindoSIARUI/input__product"), ParamProd): Text 'http://a/%%30%30' is set on object 'Object Repository/New Subscription/Page_Add New Subscription - PraisindoSIARUI/input__product'

2020-03-18 16:24:23 - [MESSAGE][PASSED] - Text 'http://a/%%30%30' is set on object 'Object Repository/New Subscription/Page_Add New Subscription - PraisindoSIARUI/input__product'

2020-03-18 16:24:23 - [TEST_STEP][PASSED] - sendKeys(findTestObject("New Subscription/Page_Add New Subscription - PraisindoSIARUI/input__product"), Keys.chord(ENTER)): Keys 'ENTER + ' sent to object: 'Object Repository/New Subscription/Page_Add New Subscription - PraisindoSIARUI/input__product'

2020-03-18 16:24:25 - [MESSAGE][PASSED] - Keys 'ENTER + ' sent to object: 'Object Repository/New Subscription/Page_Add New Subscription - PraisindoSIARUI/input__product']]></system-out>
         <system-err><![CDATA[]]></system-err>
      </testcase>
      <testcase name="Test Cases/NF Testing Checklist - Prod" time="5.188" classname="Test Cases/NF Testing Checklist - Prod" status="PASSED">
         <system-out><![CDATA[2020-03-18 16:24:25 - [TEST_CASE][PASSED] - Test Cases/NF Testing Checklist - Prod: Test Cases/NF Testing Checklist - Prod

2020-03-18 16:24:25 - [TEST_STEP][PASSED] - setText(findTestObject("New Subscription/Page_Add New Subscription - PraisindoSIARUI/input__product"), ParamProd): Text '1'; DROP TABLE users-- 1' is set on object 'Object Repository/New Subscription/Page_Add New Subscription - PraisindoSIARUI/input__product'

2020-03-18 16:24:28 - [MESSAGE][PASSED] - Text '1'; DROP TABLE users-- 1' is set on object 'Object Repository/New Subscription/Page_Add New Subscription - PraisindoSIARUI/input__product'

2020-03-18 16:24:28 - [TEST_STEP][PASSED] - sendKeys(findTestObject("New Subscription/Page_Add New Subscription - PraisindoSIARUI/input__product"), Keys.chord(ENTER)): Keys 'ENTER + ' sent to object: 'Object Repository/New Subscription/Page_Add New Subscription - PraisindoSIARUI/input__product'

2020-03-18 16:24:30 - [MESSAGE][PASSED] - Keys 'ENTER + ' sent to object: 'Object Repository/New Subscription/Page_Add New Subscription - PraisindoSIARUI/input__product']]></system-out>
         <system-err><![CDATA[]]></system-err>
      </testcase>
      <testcase name="Test Cases/NF Testing Checklist - Prod" time="10.513" classname="Test Cases/NF Testing Checklist - Prod" status="PASSED">
         <system-out><![CDATA[2020-03-18 16:24:30 - [TEST_CASE][PASSED] - Test Cases/NF Testing Checklist - Prod: Test Cases/NF Testing Checklist - Prod

2020-03-18 16:24:30 - [TEST_STEP][PASSED] - setText(findTestObject("New Subscription/Page_Add New Subscription - PraisindoSIARUI/input__product"), ParamProd): Text '<iframe width="560" height="315" src="https://www.youtube.com/embed/WesrJBgEmyw" frameborder="0" allow="accelerometer; autoplay; encrypted-media; gyroscope; picture-in-picture" allowfullscreen></iframe>' is set on object 'Object Repository/New Subscription/Page_Add New Subscription - PraisindoSIARUI/input__product'

2020-03-18 16:24:38 - [MESSAGE][PASSED] - Text '<iframe width="560" height="315" src="https://www.youtube.com/embed/WesrJBgEmyw" frameborder="0" allow="accelerometer; autoplay; encrypted-media; gyroscope; picture-in-picture" allowfullscreen></iframe>' is set on object 'Object Repository/New Subscription/Page_Add New Subscription - PraisindoSIARUI/input__product'

2020-03-18 16:24:38 - [TEST_STEP][PASSED] - sendKeys(findTestObject("New Subscription/Page_Add New Subscription - PraisindoSIARUI/input__product"), Keys.chord(ENTER)): Keys 'ENTER + ' sent to object: 'Object Repository/New Subscription/Page_Add New Subscription - PraisindoSIARUI/input__product'

2020-03-18 16:24:40 - [MESSAGE][PASSED] - Keys 'ENTER + ' sent to object: 'Object Repository/New Subscription/Page_Add New Subscription - PraisindoSIARUI/input__product']]></system-out>
         <system-err><![CDATA[]]></system-err>
      </testcase>
      <testcase name="Test Cases/NF Testing Checklist - Prod" time="5.648" classname="Test Cases/NF Testing Checklist - Prod" status="PASSED">
         <system-out><![CDATA[2020-03-18 16:24:40 - [TEST_CASE][PASSED] - Test Cases/NF Testing Checklist - Prod: Test Cases/NF Testing Checklist - Prod

2020-03-18 16:24:40 - [TEST_STEP][PASSED] - setText(findTestObject("New Subscription/Page_Add New Subscription - PraisindoSIARUI/input__product"), ParamProd): Text 'Kernel.exec(\"ls -al /\")' is set on object 'Object Repository/New Subscription/Page_Add New Subscription - PraisindoSIARUI/input__product'

2020-03-18 16:24:44 - [MESSAGE][PASSED] - Text 'Kernel.exec(\"ls -al /\")' is set on object 'Object Repository/New Subscription/Page_Add New Subscription - PraisindoSIARUI/input__product'

2020-03-18 16:24:44 - [TEST_STEP][PASSED] - sendKeys(findTestObject("New Subscription/Page_Add New Subscription - PraisindoSIARUI/input__product"), Keys.chord(ENTER)): Keys 'ENTER + ' sent to object: 'Object Repository/New Subscription/Page_Add New Subscription - PraisindoSIARUI/input__product'

2020-03-18 16:24:46 - [MESSAGE][PASSED] - Keys 'ENTER + ' sent to object: 'Object Repository/New Subscription/Page_Add New Subscription - PraisindoSIARUI/input__product']]></system-out>
         <system-err><![CDATA[]]></system-err>
      </testcase>
      <testcase name="Test Cases/NF Testing Checklist - Prod" time="5.94" classname="Test Cases/NF Testing Checklist - Prod" status="PASSED">
         <system-out><![CDATA[2020-03-18 16:24:46 - [TEST_CASE][PASSED] - Test Cases/NF Testing Checklist - Prod: Test Cases/NF Testing Checklist - Prod

2020-03-18 16:24:46 - [TEST_STEP][PASSED] - setText(findTestObject("New Subscription/Page_Add New Subscription - PraisindoSIARUI/input__product"), ParamProd): Text '() { _; } >_[$($())] { touch /tmp/blns.shellshock2.fail; }' is set on object 'Object Repository/New Subscription/Page_Add New Subscription - PraisindoSIARUI/input__product'

2020-03-18 16:24:50 - [MESSAGE][PASSED] - Text '() { _; } >_[$($())] { touch /tmp/blns.shellshock2.fail; }' is set on object 'Object Repository/New Subscription/Page_Add New Subscription - PraisindoSIARUI/input__product'

2020-03-18 16:24:50 - [TEST_STEP][PASSED] - sendKeys(findTestObject("New Subscription/Page_Add New Subscription - PraisindoSIARUI/input__product"), Keys.chord(ENTER)): Keys 'ENTER + ' sent to object: 'Object Repository/New Subscription/Page_Add New Subscription - PraisindoSIARUI/input__product'

2020-03-18 16:24:52 - [MESSAGE][PASSED] - Keys 'ENTER + ' sent to object: 'Object Repository/New Subscription/Page_Add New Subscription - PraisindoSIARUI/input__product']]></system-out>
         <system-err><![CDATA[]]></system-err>
      </testcase>
      <testcase name="Test Cases/NF Testing Checklist - Prod" time="4.382" classname="Test Cases/NF Testing Checklist - Prod" status="PASSED">
         <system-out><![CDATA[2020-03-18 16:24:52 - [TEST_CASE][PASSED] - Test Cases/NF Testing Checklist - Prod: Test Cases/NF Testing Checklist - Prod

2020-03-18 16:24:52 - [TEST_STEP][PASSED] - setText(findTestObject("New Subscription/Page_Add New Subscription - PraisindoSIARUI/input__product"), ParamProd): Text '' is set on object 'Object Repository/New Subscription/Page_Add New Subscription - PraisindoSIARUI/input__product'

2020-03-18 16:24:55 - [MESSAGE][PASSED] - Text '' is set on object 'Object Repository/New Subscription/Page_Add New Subscription - PraisindoSIARUI/input__product'

2020-03-18 16:24:55 - [TEST_STEP][PASSED] - sendKeys(findTestObject("New Subscription/Page_Add New Subscription - PraisindoSIARUI/input__product"), Keys.chord(ENTER)): Keys 'ENTER + ' sent to object: 'Object Repository/New Subscription/Page_Add New Subscription - PraisindoSIARUI/input__product'

2020-03-18 16:24:56 - [MESSAGE][PASSED] - Keys 'ENTER + ' sent to object: 'Object Repository/New Subscription/Page_Add New Subscription - PraisindoSIARUI/input__product']]></system-out>
         <system-err><![CDATA[]]></system-err>
      </testcase>
      <testcase name="Test Cases/NF Testing Checklist - Prod" time="4.035" classname="Test Cases/NF Testing Checklist - Prod" status="PASSED">
         <system-out><![CDATA[2020-03-18 16:24:56 - [TEST_CASE][PASSED] - Test Cases/NF Testing Checklist - Prod: Test Cases/NF Testing Checklist - Prod

2020-03-18 16:24:56 - [TEST_STEP][PASSED] - setText(findTestObject("New Subscription/Page_Add New Subscription - PraisindoSIARUI/input__product"), ParamProd): Text '' is set on object 'Object Repository/New Subscription/Page_Add New Subscription - PraisindoSIARUI/input__product'

2020-03-18 16:24:59 - [MESSAGE][PASSED] - Text '' is set on object 'Object Repository/New Subscription/Page_Add New Subscription - PraisindoSIARUI/input__product'

2020-03-18 16:24:59 - [TEST_STEP][PASSED] - sendKeys(findTestObject("New Subscription/Page_Add New Subscription - PraisindoSIARUI/input__product"), Keys.chord(ENTER)): Keys 'ENTER + ' sent to object: 'Object Repository/New Subscription/Page_Add New Subscription - PraisindoSIARUI/input__product'

2020-03-18 16:25:00 - [MESSAGE][PASSED] - Keys 'ENTER + ' sent to object: 'Object Repository/New Subscription/Page_Add New Subscription - PraisindoSIARUI/input__product']]></system-out>
         <system-err><![CDATA[]]></system-err>
      </testcase>
      <testcase name="Test Cases/NF Testing Checklist - Prod" time="4.894" classname="Test Cases/NF Testing Checklist - Prod" status="PASSED">
         <system-out><![CDATA[2020-03-18 16:25:00 - [TEST_CASE][PASSED] - Test Cases/NF Testing Checklist - Prod: Test Cases/NF Testing Checklist - Prod

2020-03-18 16:25:01 - [TEST_STEP][PASSED] - setText(findTestObject("New Subscription/Page_Add New Subscription - PraisindoSIARUI/input__product"), ParamProd): Text '                ' is set on object 'Object Repository/New Subscription/Page_Add New Subscription - PraisindoSIARUI/input__product'

2020-03-18 16:25:04 - [MESSAGE][PASSED] - Text '                ' is set on object 'Object Repository/New Subscription/Page_Add New Subscription - PraisindoSIARUI/input__product'

2020-03-18 16:25:04 - [TEST_STEP][PASSED] - sendKeys(findTestObject("New Subscription/Page_Add New Subscription - PraisindoSIARUI/input__product"), Keys.chord(ENTER)): Keys 'ENTER + ' sent to object: 'Object Repository/New Subscription/Page_Add New Subscription - PraisindoSIARUI/input__product'

2020-03-18 16:25:05 - [MESSAGE][PASSED] - Keys 'ENTER + ' sent to object: 'Object Repository/New Subscription/Page_Add New Subscription - PraisindoSIARUI/input__product']]></system-out>
         <system-err><![CDATA[]]></system-err>
      </testcase>
      <testcase name="Test Cases/NF Testing Checklist - Input Prod" time="9.762" classname="Test Cases/NF Testing Checklist - Input Prod" status="PASSED">
         <system-out><![CDATA[2020-03-18 16:25:05 - [TEST_CASE][PASSED] - Test Cases/NF Testing Checklist - Input Prod: Test Cases/NF Testing Checklist - Input Prod

2020-03-18 16:25:06 - [TEST_STEP][PASSED] - setText(findTestObject("New Subscription/Page_Add New Subscription - PraisindoSIARUI/input__product"), "ADE"): Text 'ADE' is set on object 'Object Repository/New Subscription/Page_Add New Subscription - PraisindoSIARUI/input__product'

2020-03-18 16:25:09 - [MESSAGE][PASSED] - Text 'ADE' is set on object 'Object Repository/New Subscription/Page_Add New Subscription - PraisindoSIARUI/input__product'

2020-03-18 16:25:09 - [TEST_STEP][PASSED] - sendKeys(findTestObject("New Subscription/Page_Add New Subscription - PraisindoSIARUI/input__product"), Keys.chord(ENTER)): Keys 'ENTER + ' sent to object: 'Object Repository/New Subscription/Page_Add New Subscription - PraisindoSIARUI/input__product'

2020-03-18 16:25:11 - [MESSAGE][PASSED] - Keys 'ENTER + ' sent to object: 'Object Repository/New Subscription/Page_Add New Subscription - PraisindoSIARUI/input__product'

2020-03-18 16:25:11 - [TEST_STEP][PASSED] - click(findTestObject("Object Repository/New Subscription/Page_Add New Subscription - PraisindoSIARUI/label_Gross")): Object: 'Object Repository/New Subscription/Page_Add New Subscription - PraisindoSIARUI/label_Gross' is clicked on

2020-03-18 16:25:13 - [MESSAGE][PASSED] - Object: 'Object Repository/New Subscription/Page_Add New Subscription - PraisindoSIARUI/label_Gross' is clicked on

2020-03-18 16:25:13 - [TEST_STEP][PASSED] - click(findTestObject("Object Repository/New Subscription/Page_Add New Subscription - PraisindoSIARUI/label_Nett")): Object: 'Object Repository/New Subscription/Page_Add New Subscription - PraisindoSIARUI/label_Nett' is clicked on

2020-03-18 16:25:15 - [MESSAGE][PASSED] - Object: 'Object Repository/New Subscription/Page_Add New Subscription - PraisindoSIARUI/label_Nett' is clicked on]]></system-out>
         <system-err><![CDATA[]]></system-err>
      </testcase>
      <testcase name="Test Cases/NF Testing Checklist - Amount" time="5.106" classname="Test Cases/NF Testing Checklist - Amount" status="PASSED">
         <system-out><![CDATA[2020-03-18 16:25:15 - [TEST_CASE][PASSED] - Test Cases/NF Testing Checklist - Amount: Test Cases/NF Testing Checklist - Amount

2020-03-18 16:25:16 - [TEST_STEP][PASSED] - click(findTestObject("Object Repository/New Subscription/Page_Add New Subscription - PraisindoSIARUI/input__NetAmount")): Object: 'Object Repository/New Subscription/Page_Add New Subscription - PraisindoSIARUI/input__NetAmount' is clicked on

2020-03-18 16:25:18 - [MESSAGE][PASSED] - Object: 'Object Repository/New Subscription/Page_Add New Subscription - PraisindoSIARUI/input__NetAmount' is clicked on

2020-03-18 16:25:18 - [TEST_STEP][PASSED] - setText(findTestObject("New Subscription/Page_Add New Subscription - PraisindoSIARUI/input__NetAmount"), ParamAmount): Text '-1' is set on object 'Object Repository/New Subscription/Page_Add New Subscription - PraisindoSIARUI/input__NetAmount'

2020-03-18 16:25:20 - [MESSAGE][PASSED] - Text '-1' is set on object 'Object Repository/New Subscription/Page_Add New Subscription - PraisindoSIARUI/input__NetAmount']]></system-out>
         <system-err><![CDATA[]]></system-err>
      </testcase>
      <testcase name="Test Cases/NF Testing Checklist - Amount" time="4.78" classname="Test Cases/NF Testing Checklist - Amount" status="PASSED">
         <system-out><![CDATA[2020-03-18 16:25:20 - [TEST_CASE][PASSED] - Test Cases/NF Testing Checklist - Amount: Test Cases/NF Testing Checklist - Amount

2020-03-18 16:25:20 - [TEST_STEP][PASSED] - click(findTestObject("Object Repository/New Subscription/Page_Add New Subscription - PraisindoSIARUI/input__NetAmount")): Object: 'Object Repository/New Subscription/Page_Add New Subscription - PraisindoSIARUI/input__NetAmount' is clicked on

2020-03-18 16:25:22 - [MESSAGE][PASSED] - Object: 'Object Repository/New Subscription/Page_Add New Subscription - PraisindoSIARUI/input__NetAmount' is clicked on

2020-03-18 16:25:22 - [TEST_STEP][PASSED] - setText(findTestObject("New Subscription/Page_Add New Subscription - PraisindoSIARUI/input__NetAmount"), ParamAmount): Text '1000000' is set on object 'Object Repository/New Subscription/Page_Add New Subscription - PraisindoSIARUI/input__NetAmount'

2020-03-18 16:25:25 - [MESSAGE][PASSED] - Text '1000000' is set on object 'Object Repository/New Subscription/Page_Add New Subscription - PraisindoSIARUI/input__NetAmount']]></system-out>
         <system-err><![CDATA[]]></system-err>
      </testcase>
      <testcase name="Test Cases/NF Testing Checklist - Amount" time="4.825" classname="Test Cases/NF Testing Checklist - Amount" status="PASSED">
         <system-out><![CDATA[2020-03-18 16:25:25 - [TEST_CASE][PASSED] - Test Cases/NF Testing Checklist - Amount: Test Cases/NF Testing Checklist - Amount

2020-03-18 16:25:25 - [TEST_STEP][PASSED] - click(findTestObject("Object Repository/New Subscription/Page_Add New Subscription - PraisindoSIARUI/input__NetAmount")): Object: 'Object Repository/New Subscription/Page_Add New Subscription - PraisindoSIARUI/input__NetAmount' is clicked on

2020-03-18 16:25:27 - [MESSAGE][PASSED] - Object: 'Object Repository/New Subscription/Page_Add New Subscription - PraisindoSIARUI/input__NetAmount' is clicked on

2020-03-18 16:25:27 - [TEST_STEP][PASSED] - setText(findTestObject("New Subscription/Page_Add New Subscription - PraisindoSIARUI/input__NetAmount"), ParamAmount): Text '1.8888' is set on object 'Object Repository/New Subscription/Page_Add New Subscription - PraisindoSIARUI/input__NetAmount'

2020-03-18 16:25:30 - [MESSAGE][PASSED] - Text '1.8888' is set on object 'Object Repository/New Subscription/Page_Add New Subscription - PraisindoSIARUI/input__NetAmount']]></system-out>
         <system-err><![CDATA[]]></system-err>
      </testcase>
      <testcase name="Test Cases/NF Testing Checklist - Amount" time="5.023" classname="Test Cases/NF Testing Checklist - Amount" status="PASSED">
         <system-out><![CDATA[2020-03-18 16:25:30 - [TEST_CASE][PASSED] - Test Cases/NF Testing Checklist - Amount: Test Cases/NF Testing Checklist - Amount

2020-03-18 16:25:30 - [TEST_STEP][PASSED] - click(findTestObject("Object Repository/New Subscription/Page_Add New Subscription - PraisindoSIARUI/input__NetAmount")): Object: 'Object Repository/New Subscription/Page_Add New Subscription - PraisindoSIARUI/input__NetAmount' is clicked on

2020-03-18 16:25:32 - [MESSAGE][PASSED] - Object: 'Object Repository/New Subscription/Page_Add New Subscription - PraisindoSIARUI/input__NetAmount' is clicked on

2020-03-18 16:25:32 - [TEST_STEP][PASSED] - setText(findTestObject("New Subscription/Page_Add New Subscription - PraisindoSIARUI/input__NetAmount"), ParamAmount): Text 'ABCDEFGHIJKLMNOPQRSTUVWXYZabcdefhijklmnopqrstuvwxyz' is set on object 'Object Repository/New Subscription/Page_Add New Subscription - PraisindoSIARUI/input__NetAmount'

2020-03-18 16:25:35 - [MESSAGE][PASSED] - Text 'ABCDEFGHIJKLMNOPQRSTUVWXYZabcdefhijklmnopqrstuvwxyz' is set on object 'Object Repository/New Subscription/Page_Add New Subscription - PraisindoSIARUI/input__NetAmount']]></system-out>
         <system-err><![CDATA[]]></system-err>
      </testcase>
      <testcase name="Test Cases/NF Testing Checklist - Amount" time="8.297" classname="Test Cases/NF Testing Checklist - Amount" status="PASSED">
         <system-out><![CDATA[2020-03-18 16:25:35 - [TEST_CASE][PASSED] - Test Cases/NF Testing Checklist - Amount: Test Cases/NF Testing Checklist - Amount

2020-03-18 16:25:35 - [TEST_STEP][PASSED] - click(findTestObject("Object Repository/New Subscription/Page_Add New Subscription - PraisindoSIARUI/input__NetAmount")): Object: 'Object Repository/New Subscription/Page_Add New Subscription - PraisindoSIARUI/input__NetAmount' is clicked on

2020-03-18 16:25:37 - [MESSAGE][PASSED] - Object: 'Object Repository/New Subscription/Page_Add New Subscription - PraisindoSIARUI/input__NetAmount' is clicked on

2020-03-18 16:25:37 - [TEST_STEP][PASSED] - setText(findTestObject("New Subscription/Page_Add New Subscription - PraisindoSIARUI/input__NetAmount"), ParamAmount): Text '1000000000000000000000000000000000000000000000000000000000000000000000000000000000000000000000000000000000000000000000000000000000000000000000000' is set on object 'Object Repository/New Subscription/Page_Add New Subscription - PraisindoSIARUI/input__NetAmount'

2020-03-18 16:25:43 - [MESSAGE][PASSED] - Text '1000000000000000000000000000000000000000000000000000000000000000000000000000000000000000000000000000000000000000000000000000000000000000000000000' is set on object 'Object Repository/New Subscription/Page_Add New Subscription - PraisindoSIARUI/input__NetAmount']]></system-out>
         <system-err><![CDATA[]]></system-err>
      </testcase>
      <testcase name="Test Cases/NF Testing Checklist - Amount" time="4.273" classname="Test Cases/NF Testing Checklist - Amount" status="PASSED">
         <system-out><![CDATA[2020-03-18 16:25:43 - [TEST_CASE][PASSED] - Test Cases/NF Testing Checklist - Amount: Test Cases/NF Testing Checklist - Amount

2020-03-18 16:25:43 - [TEST_STEP][PASSED] - click(findTestObject("Object Repository/New Subscription/Page_Add New Subscription - PraisindoSIARUI/input__NetAmount")): Object: 'Object Repository/New Subscription/Page_Add New Subscription - PraisindoSIARUI/input__NetAmount' is clicked on

2020-03-18 16:25:45 - [MESSAGE][PASSED] - Object: 'Object Repository/New Subscription/Page_Add New Subscription - PraisindoSIARUI/input__NetAmount' is clicked on

2020-03-18 16:25:45 - [TEST_STEP][PASSED] - setText(findTestObject("New Subscription/Page_Add New Subscription - PraisindoSIARUI/input__NetAmount"), ParamAmount): Text '' is set on object 'Object Repository/New Subscription/Page_Add New Subscription - PraisindoSIARUI/input__NetAmount'

2020-03-18 16:25:48 - [MESSAGE][PASSED] - Text '' is set on object 'Object Repository/New Subscription/Page_Add New Subscription - PraisindoSIARUI/input__NetAmount']]></system-out>
         <system-err><![CDATA[]]></system-err>
      </testcase>
      <testcase name="Test Cases/NF Testing Checklist - Amount" time="4.392" classname="Test Cases/NF Testing Checklist - Amount" status="PASSED">
         <system-out><![CDATA[2020-03-18 16:25:48 - [TEST_CASE][PASSED] - Test Cases/NF Testing Checklist - Amount: Test Cases/NF Testing Checklist - Amount

2020-03-18 16:25:48 - [TEST_STEP][PASSED] - click(findTestObject("Object Repository/New Subscription/Page_Add New Subscription - PraisindoSIARUI/input__NetAmount")): Object: 'Object Repository/New Subscription/Page_Add New Subscription - PraisindoSIARUI/input__NetAmount' is clicked on

2020-03-18 16:25:49 - [MESSAGE][PASSED] - Object: 'Object Repository/New Subscription/Page_Add New Subscription - PraisindoSIARUI/input__NetAmount' is clicked on

2020-03-18 16:25:49 - [TEST_STEP][PASSED] - setText(findTestObject("New Subscription/Page_Add New Subscription - PraisindoSIARUI/input__NetAmount"), ParamAmount): Text '0125678' is set on object 'Object Repository/New Subscription/Page_Add New Subscription - PraisindoSIARUI/input__NetAmount'

2020-03-18 16:25:52 - [MESSAGE][PASSED] - Text '0125678' is set on object 'Object Repository/New Subscription/Page_Add New Subscription - PraisindoSIARUI/input__NetAmount']]></system-out>
         <system-err><![CDATA[]]></system-err>
      </testcase>
      <testcase name="Test Cases/NF Testing Checklist - Amount" time="4.323" classname="Test Cases/NF Testing Checklist - Amount" status="PASSED">
         <system-out><![CDATA[2020-03-18 16:25:52 - [TEST_CASE][PASSED] - Test Cases/NF Testing Checklist - Amount: Test Cases/NF Testing Checklist - Amount

2020-03-18 16:25:52 - [TEST_STEP][PASSED] - click(findTestObject("Object Repository/New Subscription/Page_Add New Subscription - PraisindoSIARUI/input__NetAmount")): Object: 'Object Repository/New Subscription/Page_Add New Subscription - PraisindoSIARUI/input__NetAmount' is clicked on

2020-03-18 16:25:54 - [MESSAGE][PASSED] - Object: 'Object Repository/New Subscription/Page_Add New Subscription - PraisindoSIARUI/input__NetAmount' is clicked on

2020-03-18 16:25:54 - [TEST_STEP][PASSED] - setText(findTestObject("New Subscription/Page_Add New Subscription - PraisindoSIARUI/input__NetAmount"), ParamAmount): Text '' is set on object 'Object Repository/New Subscription/Page_Add New Subscription - PraisindoSIARUI/input__NetAmount'

2020-03-18 16:25:56 - [MESSAGE][PASSED] - Text '' is set on object 'Object Repository/New Subscription/Page_Add New Subscription - PraisindoSIARUI/input__NetAmount']]></system-out>
         <system-err><![CDATA[]]></system-err>
      </testcase>
      <testcase name="Test Cases/NF Testing Checklist - Input Amount" time="14.841" classname="Test Cases/NF Testing Checklist - Input Amount" status="PASSED">
         <system-out><![CDATA[2020-03-18 16:25:56 - [TEST_CASE][PASSED] - Test Cases/NF Testing Checklist - Input Amount: Test Cases/NF Testing Checklist - Input Amount

2020-03-18 16:25:58 - [TEST_STEP][PASSED] - click(findTestObject("Object Repository/New Subscription/Page_Add New Subscription - PraisindoSIARUI/input__NetAmount")): Object: 'Object Repository/New Subscription/Page_Add New Subscription - PraisindoSIARUI/input__NetAmount' is clicked on

2020-03-18 16:25:59 - [MESSAGE][PASSED] - Object: 'Object Repository/New Subscription/Page_Add New Subscription - PraisindoSIARUI/input__NetAmount' is clicked on

[...]

2020-03-18 16:27:45 - [MESSAGE][PASSED] - Text '1234567890' is set on object 'Object Repository/New Subscription/Page_Add New Subscription - PraisindoSIARUI/textarea_Remark_Remarks']]></system-out>
         <system-err><![CDATA[]]></system-err>
      </testcase>
      <testcase name="Test Cases/NF Testing Checklist - Remarks" time="2.579" classname="Test Cases/NF Testing Checklist - Remarks" status="PASSED">
         <system-out><![CDATA[2020-03-18 16:27:45 - [TEST_CASE][PASSED] - Test Cases/NF Testing Checklist - Remarks: Test Cases/NF Testing Checklist - Remarks

2020-03-18 16:27:45 - [TEST_STEP][PASSED] - setText(findTestObject("Object Repository/New Subscription/Page_Add New Subscription - PraisindoSIARUI/textarea_Remark_Remarks"), ParamRemarks): Text '' is set on object 'Object Repository/New Subscription/Page_Add New Subscription - PraisindoSIARUI/textarea_Remark_Remarks'

2020-03-18 16:27:47 - [MESSAGE][PASSED] - Text '' is set on object 'Object Repository/New Subscription/Page_Add New Subscription - PraisindoSIARUI/textarea_Remark_Remarks']]></system-out>
         <system-err><![CDATA[]]></system-err>
      </testcase>
      <testcase name="Test Cases/NF Testing Checklist - Remarks" time="2.5" classname="Test Cases/NF Testing Checklist - Remarks" status="PASSED">
         <system-out><![CDATA[2020-03-18 16:27:47 - [TEST_CASE][PASSED] - Test Cases/NF Testing Checklist - Remarks: Test Cases/NF Testing Checklist - Remarks

2020-03-18 16:27:47 - [TEST_STEP][PASSED] - setText(findTestObject("Object Repository/New Subscription/Page_Add New Subscription - PraisindoSIARUI/textarea_Remark_Remarks"), ParamRemarks): Text '' is set on object 'Object Repository/New Subscription/Page_Add New Subscription - PraisindoSIARUI/textarea_Remark_Remarks'

2020-03-18 16:27:50 - [MESSAGE][PASSED] - Text '' is set on object 'Object Repository/New Subscription/Page_Add New Subscription - PraisindoSIARUI/textarea_Remark_Remarks']]></system-out>
         <system-err><![CDATA[]]></system-err>
      </testcase>
      <testcase name="Test Cases/NF Testing Checklist - Remarks" time="2.597" classname="Test Cases/NF Testing Checklist - Remarks" status="PASSED">
         <system-out><![CDATA[2020-03-18 16:27:50 - [TEST_CASE][PASSED] - Test Cases/NF Testing Checklist - Remarks: Test Cases/NF Testing Checklist - Remarks

2020-03-18 16:27:50 - [TEST_STEP][PASSED] - setText(findTestObject("Object Repository/New Subscription/Page_Add New Subscription - PraisindoSIARUI/textarea_Remark_Remarks"), ParamRemarks): Text '           ' is set on object 'Object Repository/New Subscription/Page_Add New Subscription - PraisindoSIARUI/textarea_Remark_Remarks'

2020-03-18 16:27:53 - [MESSAGE][PASSED] - Text '           ' is set on object 'Object Repository/New Subscription/Page_Add New Subscription - PraisindoSIARUI/textarea_Remark_Remarks']]></system-out>
         <system-err><![CDATA[]]></system-err>
      </testcase>
      <testcase name="Test Cases/NF Testing Checklist - Remarks" time="3.846" classname="Test Cases/NF Testing Checklist - Remarks" status="PASSED">
         <system-out><![CDATA[2020-03-18 16:27:53 - [TEST_CASE][PASSED] - Test Cases/NF Testing Checklist - Remarks: Test Cases/NF Testing Checklist - Remarks

2020-03-18 16:27:53 - [TEST_STEP][PASSED] - setText(findTestObject("Object Repository/New Subscription/Page_Add New Subscription - PraisindoSIARUI/textarea_Remark_Remarks"), ParamRemarks): Text 'ABC<div style=\"x\\x3Aexpression(javascript:alert(1)\">DEF' is set on object 'Object Repository/New Subscription/Page_Add New Subscription - PraisindoSIARUI/textarea_Remark_Remarks'

2020-03-18 16:27:56 - [MESSAGE][PASSED] - Text 'ABC<div style=\"x\\x3Aexpression(javascript:alert(1)\">DEF' is set on object 'Object Repository/New Subscription/Page_Add New Subscription - PraisindoSIARUI/textarea_Remark_Remarks']]></system-out>
         <system-err><![CDATA[]]></system-err>
      </testcase>
      <testcase name="Test Cases/NF Testing Checklist - Remarks" time="3.138" classname="Test Cases/NF Testing Checklist - Remarks" status="PASSED">
         <system-out><![CDATA[2020-03-18 16:27:56 - [TEST_CASE][PASSED] - Test Cases/NF Testing Checklist - Remarks: Test Cases/NF Testing Checklist - Remarks

2020-03-18 16:27:56 - [TEST_STEP][PASSED] - setText(findTestObject("Object Repository/New Subscription/Page_Add New Subscription - PraisindoSIARUI/textarea_Remark_Remarks"), ParamRemarks): Text '<script\\x20type=\"text/javascript\">javascript:alert(1);</script>' is set on object 'Object Repository/New Subscription/Page_Add New Subscription - PraisindoSIARUI/textarea_Remark_Remarks'

2020-03-18 16:28:00 - [MESSAGE][PASSED] - Text '<script\\x20type=\"text/javascript\">javascript:alert(1);</script>' is set on object 'Object Repository/New Subscription/Page_Add New Subscription - PraisindoSIARUI/textarea_Remark_Remarks']]></system-out>
         <system-err><![CDATA[]]></system-err>
      </testcase>
      <testcase name="Test Cases/NF Testing Checklist - Remarks" time="5.253" classname="Test Cases/NF Testing Checklist - Remarks" status="PASSED">
         <system-out><![CDATA[2020-03-18 16:28:00 - [TEST_CASE][PASSED] - Test Cases/NF Testing Checklist - Remarks: Test Cases/NF Testing Checklist - Remarks

2020-03-18 16:28:00 - [TEST_STEP][PASSED] - setText(findTestObject("Object Repository/New Subscription/Page_Add New Subscription - PraisindoSIARUI/textarea_Remark_Remarks"), ParamRemarks): Text '<a href=\"\\x1Ejavascript:javascript:alert(1)\" id=\"fuzzelement1\">test</a>' is set on object 'Object Repository/New Subscription/Page_Add New Subscription - PraisindoSIARUI/textarea_Remark_Remarks'

2020-03-18 16:28:05 - [MESSAGE][PASSED] - Text '<a href=\"\\x1Ejavascript:javascript:alert(1)\" id=\"fuzzelement1\">test</a>' is set on object 'Object Repository/New Subscription/Page_Add New Subscription - PraisindoSIARUI/textarea_Remark_Remarks']]></system-out>
         <system-err><![CDATA[]]></system-err>
      </testcase>
      <testcase name="Test Cases/NF Testing Checklist - Remarks" time="3.459" classname="Test Cases/NF Testing Checklist - Remarks" status="PASSED">
         <system-out><![CDATA[2020-03-18 16:28:05 - [TEST_CASE][PASSED] - Test Cases/NF Testing Checklist - Remarks: Test Cases/NF Testing Checklist - Remarks

2020-03-18 16:28:05 - [TEST_STEP][PASSED] - setText(findTestObject("Object Repository/New Subscription/Page_Add New Subscription - PraisindoSIARUI/textarea_Remark_Remarks"), ParamRemarks): Text '<img src=x\\x13onerror=\"javascript:alert(1)\">' is set on object 'Object Repository/New Subscription/Page_Add New Subscription - PraisindoSIARUI/textarea_Remark_Remarks'

2020-03-18 16:28:08 - [MESSAGE][PASSED] - Text '<img src=x\\x13onerror=\"javascript:alert(1)\">' is set on object 'Object Repository/New Subscription/Page_Add New Subscription - PraisindoSIARUI/textarea_Remark_Remarks']]></system-out>
         <system-err><![CDATA[]]></system-err>
      </testcase>
      <testcase name="Test Cases/NF Testing Checklist - Remarks" time="3.786" classname="Test Cases/NF Testing Checklist - Remarks" status="PASSED">
         <system-out><![CDATA[2020-03-18 16:28:08 - [TEST_CASE][PASSED] - Test Cases/NF Testing Checklist - Remarks: Test Cases/NF Testing Checklist - Remarks

2020-03-18 16:28:08 - [TEST_STEP][PASSED] - setText(findTestObject("Object Repository/New Subscription/Page_Add New Subscription - PraisindoSIARUI/textarea_Remark_Remarks"), ParamRemarks): Text '<?xml version=\"1.0\" encoding=\"ISO-8859-1\"?><!DOCTYPE foo [ <!ELEMENT foo ANY ><!ENTITY xxe SYSTEM \"file:///etc/passwd\" >]><foo>&xxe;</foo>' is set on object 'Object Repository/New Subscription/Page_Add New Subscription - PraisindoSIARUI/textarea_Remark_Remarks'

2020-03-18 16:28:12 - [MESSAGE][PASSED] - Text '<?xml version=\"1.0\" encoding=\"ISO-8859-1\"?><!DOCTYPE foo [ <!ELEMENT foo ANY ><!ENTITY xxe SYSTEM \"file:///etc/passwd\" >]><foo>&xxe;</foo>' is set on object 'Object Repository/New Subscription/Page_Add New Subscription - PraisindoSIARUI/textarea_Remark_Remarks']]></system-out>
         <system-err><![CDATA[]]></system-err>
      </testcase>
      <testcase name="Test Cases/NF Testing Checklist - Remarks" time="2.857" classname="Test Cases/NF Testing Checklist - Remarks" status="PASSED">
         <system-out><![CDATA[2020-03-18 16:28:12 - [TEST_CASE][PASSED] - Test Cases/NF Testing Checklist - Remarks: Test Cases/NF Testing Checklist - Remarks

2020-03-18 16:28:12 - [TEST_STEP][PASSED] - setText(findTestObject("Object Repository/New Subscription/Page_Add New Subscription - PraisindoSIARUI/textarea_Remark_Remarks"), ParamRemarks): Text '\"`+"`"+`'><script>\\x0Djavascript:alert(1)</script>' is set on object 'Object Repository/New Subscription/Page_Add New Subscription - PraisindoSIARUI/textarea_Remark_Remarks'

2020-03-18 16:28:15 - [MESSAGE][PASSED] - Text '\"`+"`"+`'><script>\\x0Djavascript:alert(1)</script>' is set on object 'Object Repository/New Subscription/Page_Add New Subscription - PraisindoSIARUI/textarea_Remark_Remarks']]></system-out>
         <system-err><![CDATA[]]></system-err>
      </testcase>
      <testcase name="Test Cases/NF Testing Checklist - Remarks" time="2.783" classname="Test Cases/NF Testing Checklist - Remarks" status="PASSED">
         <system-out><![CDATA[2020-03-18 16:28:15 - [TEST_CASE][PASSED] - Test Cases/NF Testing Checklist - Remarks: Test Cases/NF Testing Checklist - Remarks

2020-03-18 16:28:15 - [TEST_STEP][PASSED] - setText(findTestObject("Object Repository/New Subscription/Page_Add New Subscription - PraisindoSIARUI/textarea_Remark_Remarks"), ParamRemarks): Text '<script>alert("123")</script>' is set on object 'Object Repository/New Subscription/Page_Add New Subscription - PraisindoSIARUI/textarea_Remark_Remarks'

2020-03-18 16:28:18 - [MESSAGE][PASSED] - Text '<script>alert("123")</script>' is set on object 'Object Repository/New Subscription/Page_Add New Subscription - PraisindoSIARUI/textarea_Remark_Remarks']]></system-out>
         <system-err><![CDATA[]]></system-err>
      </testcase>
      <testcase name="Test Cases/NF Testing Checklist - Remarks" time="2.921" classname="Test Cases/NF Testing Checklist - Remarks" status="PASSED">
         <system-out><![CDATA[2020-03-18 16:28:18 - [TEST_CASE][PASSED] - Test Cases/NF Testing Checklist - Remarks: Test Cases/NF Testing Checklist - Remarks

2020-03-18 16:28:18 - [TEST_STEP][PASSED] - setText(findTestObject("Object Repository/New Subscription/Page_Add New Subscription - PraisindoSIARUI/textarea_Remark_Remarks"), ParamRemarks): Text '<script>alert(document.cookie)</script>' is set on object 'Object Repository/New Subscription/Page_Add New Subscription - PraisindoSIARUI/textarea_Remark_Remarks'

2020-03-18 16:28:21 - [MESSAGE][PASSED] - Text '<script>alert(document.cookie)</script>' is set on object 'Object Repository/New Subscription/Page_Add New Subscription - PraisindoSIARUI/textarea_Remark_Remarks']]></system-out>
         <system-err><![CDATA[]]></system-err>
      </testcase>
      <testcase name="Test Cases/NF Testing Checklist - Remarks" time="2.755" classname="Test Cases/NF Testing Checklist - Remarks" status="PASSED">
         <system-out><![CDATA[2020-03-18 16:28:21 - [TEST_CASE][PASSED] - Test Cases/NF Testing Checklist - Remarks: Test Cases/NF Testing Checklist - Remarks

2020-03-18 16:28:21 - [TEST_STEP][PASSED] - setText(findTestObject("Object Repository/New Subscription/Page_Add New Subscription - PraisindoSIARUI/textarea_Remark_Remarks"), ParamRemarks): Text '<html><a>"Testing"</a></html>' is set on object 'Object Repository/New Subscription/Page_Add New Subscription - PraisindoSIARUI/textarea_Remark_Remarks'

2020-03-18 16:28:24 - [MESSAGE][PASSED] - Text '<html><a>"Testing"</a></html>' is set on object 'Object Repository/New Subscription/Page_Add New Subscription - PraisindoSIARUI/textarea_Remark_Remarks']]></system-out>
         <system-err><![CDATA[]]></system-err>
      </testcase>
      <testcase name="Test Cases/NF Testing Checklist - Remarks" time="2.83" classname="Test Cases/NF Testing Checklist - Remarks" status="PASSED">
         <system-out><![CDATA[2020-03-18 16:28:24 - [TEST_CASE][PASSED] - Test Cases/NF Testing Checklist - Remarks: Test Cases/NF Testing Checklist - Remarks

2020-03-18 16:28:24 - [TEST_STEP][PASSED] - setText(findTestObject("Object Repository/New Subscription/Page_Add New Subscription - PraisindoSIARUI/textarea_Remark_Remarks"), ParamRemarks): Text '<IMG SRC=\"jav&#x09;ascript:alert('XSS');\">' is set on object 'Object Repository/New Subscription/Page_Add New Subscription - PraisindoSIARUI/textarea_Remark_Remarks'

2020-03-18 16:28:26 - [MESSAGE][PASSED] - Text '<IMG SRC=\"jav&#x09;ascript:alert('XSS');\">' is set on object 'Object Repository/New Subscription/Page_Add New Subscription - PraisindoSIARUI/textarea_Remark_Remarks']]></system-out>
         <system-err><![CDATA[]]></system-err>
      </testcase>
      <testcase name="Test Cases/NF Testing Checklist - Remarks" time="2.633" classname="Test Cases/NF Testing Checklist - Remarks" status="PASSED">
         <system-out><![CDATA[2020-03-18 16:28:26 - [TEST_CASE][PASSED] - Test Cases/NF Testing Checklist - Remarks: Test Cases/NF Testing Checklist - Remarks

2020-03-18 16:28:26 - [TEST_STEP][PASSED] - setText(findTestObject("Object Repository/New Subscription/Page_Add New Subscription - PraisindoSIARUI/textarea_Remark_Remarks"), ParamRemarks): Text 'http://a/%%30%30' is set on object 'Object Repository/New Subscription/Page_Add New Subscription - PraisindoSIARUI/textarea_Remark_Remarks'

2020-03-18 16:28:29 - [MESSAGE][PASSED] - Text 'http://a/%%30%30' is set on object 'Object Repository/New Subscription/Page_Add New Subscription - PraisindoSIARUI/textarea_Remark_Remarks']]></system-out>
         <system-err><![CDATA[]]></system-err>
      </testcase>
      <testcase name="Test Cases/NF Testing Checklist - Remarks" time="2.724" classname="Test Cases/NF Testing Checklist - Remarks" status="PASSED">
         <system-out><![CDATA[2020-03-18 16:28:29 - [TEST_CASE][PASSED] - Test Cases/NF Testing Checklist - Remarks: Test Cases/NF Testing Checklist - Remarks

2020-03-18 16:28:29 - [TEST_STEP][PASSED] - setText(findTestObject("Object Repository/New Subscription/Page_Add New Subscription - PraisindoSIARUI/textarea_Remark_Remarks"), ParamRemarks): Text '1'; DROP TABLE users-- 1' is set on object 'Object Repository/New Subscription/Page_Add New Subscription - PraisindoSIARUI/textarea_Remark_Remarks'

2020-03-18 16:28:32 - [MESSAGE][PASSED] - Text '1'; DROP TABLE users-- 1' is set on object 'Object Repository/New Subscription/Page_Add New Subscription - PraisindoSIARUI/textarea_Remark_Remarks']]></system-out>
         <system-err><![CDATA[]]></system-err>
      </testcase>
      <testcase name="Test Cases/NF Testing Checklist - Remarks" time="4.227" classname="Test Cases/NF Testing Checklist - Remarks" status="PASSED">
         <system-out><![CDATA[2020-03-18 16:28:32 - [TEST_CASE][PASSED] - Test Cases/NF Testing Checklist - Remarks: Test Cases/NF Testing Checklist - Remarks

2020-03-18 16:28:32 - [TEST_STEP][PASSED] - setText(findTestObject("Object Repository/New Subscription/Page_Add New Subscription - PraisindoSIARUI/textarea_Remark_Remarks"), ParamRemarks): Text '<iframe width="560" height="315" src="https://www.youtube.com/embed/WesrJBgEmyw" frameborder="0" allow="accelerometer; autoplay; encrypted-media; gyroscope; picture-in-picture" allowfullscreen></iframe>' is set on object 'Object Repository/New Subscription/Page_Add New Subscription - PraisindoSIARUI/textarea_Remark_Remarks'

2020-03-18 16:28:36 - [MESSAGE][PASSED] - Text '<iframe width="560" height="315" src="https://www.youtube.com/embed/WesrJBgEmyw" frameborder="0" allow="accelerometer; autoplay; encrypted-media; gyroscope; picture-in-picture" allowfullscreen></iframe>' is set on object 'Object Repository/New Subscription/Page_Add New Subscription - PraisindoSIARUI/textarea_Remark_Remarks']]></system-out>
         <system-err><![CDATA[]]></system-err>
      </testcase>
      <testcase name="Test Cases/NF Testing Checklist - Remarks" time="2.711" classname="Test Cases/NF Testing Checklist - Remarks" status="PASSED">
         <system-out><![CDATA[2020-03-18 16:28:36 - [TEST_CASE][PASSED] - Test Cases/NF Testing Checklist - Remarks: Test Cases/NF Testing Checklist - Remarks

2020-03-18 16:28:36 - [TEST_STEP][PASSED] - setText(findTestObject("Object Repository/New Subscription/Page_Add New Subscription - PraisindoSIARUI/textarea_Remark_Remarks"), ParamRemarks): Text 'Kernel.exec(\"ls -al /\")' is set on object 'Object Repository/New Subscription/Page_Add New Subscription - PraisindoSIARUI/textarea_Remark_Remarks'

2020-03-18 16:28:39 - [MESSAGE][PASSED] - Text 'Kernel.exec(\"ls -al /\")' is set on object 'Object Repository/New Subscription/Page_Add New Subscription - PraisindoSIARUI/textarea_Remark_Remarks']]></system-out>
         <system-err><![CDATA[]]></system-err>
      </testcase>
      <testcase name="Test Cases/NF Testing Checklist - Remarks" time="2.94" classname="Test Cases/NF Testing Checklist - Remarks" status="PASSED">
         <system-out><![CDATA[2020-03-18 16:28:39 - [TEST_CASE][PASSED] - Test Cases/NF Testing Checklist - Remarks: Test Cases/NF Testing Checklist - Remarks

2020-03-18 16:28:39 - [TEST_STEP][PASSED] - setText(findTestObject("Object Repository/New Subscription/Page_Add New Subscription - PraisindoSIARUI/textarea_Remark_Remarks"), ParamRemarks): Text '() { _; } >_[$($())] { touch /tmp/blns.shellshock2.fail; }' is set on object 'Object Repository/New Subscription/Page_Add New Subscription - PraisindoSIARUI/textarea_Remark_Remarks'

2020-03-18 16:28:42 - [MESSAGE][PASSED] - Text '() { _; } >_[$($())] { touch /tmp/blns.shellshock2.fail; }' is set on object 'Object Repository/New Subscription/Page_Add New Subscription - PraisindoSIARUI/textarea_Remark_Remarks']]></system-out>
         <system-err><![CDATA[]]></system-err>
      </testcase>
      <testcase name="Test Cases/NF Testing Checklist - Input Remarks - Submit" time="6.356" classname="Test Cases/NF Testing Checklist - Input Remarks - Submit" status="PASSED">
         <system-out><![CDATA[2020-03-18 16:28:42 - [TEST_CASE][PASSED] - Test Cases/NF Testing Checklist - Input Remarks - Submit: Test Cases/NF Testing Checklist - Input Remarks - Submit

2020-03-18 16:28:43 - [TEST_STEP][PASSED] - setText(findTestObject("Object Repository/New Subscription/Page_Add New Subscription - PraisindoSIARUI/textarea_Remark_Remarks"), "Testing Checklist dengan Katalon"): Text 'Testing Checklist dengan Katalon' is set on object 'Object Repository/New Subscription/Page_Add New Subscription - PraisindoSIARUI/textarea_Remark_Remarks'

2020-03-18 16:28:45 - [MESSAGE][PASSED] - Text 'Testing Checklist dengan Katalon' is set on object 'Object Repository/New Subscription/Page_Add New Subscription - PraisindoSIARUI/textarea_Remark_Remarks'

2020-03-18 16:28:45 - [TEST_STEP][PASSED] - click(findTestObject("Object Repository/New Subscription/Page_Add New Subscription - PraisindoSIARUI/button_Save to Draft")): Object: 'Object Repository/New Subscription/Page_Add New Subscription - PraisindoSIARUI/button_Save to Draft' is clicked on

2020-03-18 16:28:48 - [MESSAGE][PASSED] - Object: 'Object Repository/New Subscription/Page_Add New Subscription - PraisindoSIARUI/button_Save to Draft' is clicked on]]></system-out>
         <system-err><![CDATA[]]></system-err>
      </testcase>
      <system-out><![CDATA[2020-03-18 16:19:39 - [TEST_SUITE][PASSED] - TC - New Sub - Multiple: Test Cases/NF Testing Checklist - Input Remarks - Submit]]></system-out>
      <system-err><![CDATA[]]></system-err>
   </testsuite>
</testsuites>
